<?xml version="1.0" encoding="UTF-8"?>
<testsuite xmlns:xsi="http://www.w3.org/2001/XMLSchema-instance" xsi:noNamespaceSchemaLocation="https://maven.apache.org/surefire/maven-surefire-plugin/xsd/surefire-test-report-3.0.xsd" version="3.0" name="com.lessonsbyleo.LawnMowersUnited.bdd.LawnMowersUnitedBddTest" time="1.735" tests="14" errors="0" skipped="0" failures="0">
  <properties>
[...]
</properties>
  <testcase name="In Memory Component Test - Lawn Mower Companies Account requests - Request for Lawn Mower Companies and no lawn mower companies exist" classname="In Memory Component Test - Lawn Mower Companies Account requests" time="0.809">
    <system-out><![CDATA[2022-08-14 14:12:41.973  INFO 14728 --- [           main] o.s.t.c.support.AbstractContextLoader    : Could not detect default resource locations for test class [com.lessonsbyleo.LawnMowersUnited.bdd.steps.LawnMowerCompanyAccountCreationSteps]: no resource found for suffixes {-context.xml, Context.groovy}.
2022-08-14 14:12:41.983  INFO 14728 --- [           main] b.t.a.o.j.DataJpaTestContextBootstrapper : Loaded default TestExecutionListener class names from location [META-INF/spring.factories]: [org.springframework.boot.test.mock.mockito.MockitoTestExecutionListener, org.springframework.boot.test.mock.mockito.ResetMocksTestExecutionListener, org.springframework.test.context.web.ServletTestExecutionListener, org.springframework.test.context.support.DirtiesContextBeforeModesTestExecutionListener, org.springframework.test.context.event.ApplicationEventsTestExecutionListener, org.springframework.test.context.support.DependencyInjectionTestExecutionListener, org.springframework.test.context.support.DirtiesContextTestExecutionListener, org.springframework.test.context.transaction.TransactionalTestExecutionListener, org.springframework.test.context.jdbc.SqlScriptsTestExecutionListener, org.springframework.test.context.event.EventPublishingTestExecutionListener, org.springframework.boot.test.autoconfigure.restdocs.RestDocsTestExecutionListener, org.springframework.boot.test.autoconfigure.web.client.MockRestServiceServerResetTestExecutionListener, org.springframework.boot.test.autoconfigure.web.servlet.MockMvcPrintOnlyOnFailureTestExecutionListener, org.springframework.boot.test.autoconfigure.web.servlet.WebDriverTestExecutionListener, org.springframework.boot.test.autoconfigure.webservices.client.MockWebServiceServerTestExecutionListener]
2022-08-14 14:12:41.983  INFO 14728 --- [           main] b.t.a.o.j.DataJpaTestContextBootstrapper : Using TestExecutionListeners: [org.springframework.test.context.web.ServletTestExecutionListener@5b2818ff, org.springframework.test.context.support.DirtiesContextBeforeModesTestExecutionListener@6d8b3a34, org.springframework.test.context.event.ApplicationEventsTestExecutionListener@377ea327, org.springframework.boot.test.mock.mockito.MockitoTestExecutionListener@7663b36, org.springframework.boot.test.autoconfigure.SpringBootDependencyInjectionTestExecutionListener@1c9224c5, org.springframework.test.context.support.DirtiesContextTestExecutionListener@28fcf7f9, org.springframework.test.context.transaction.TransactionalTestExecutionListener@6a591e5a, org.springframework.test.context.jdbc.SqlScriptsTestExecutionListener@5c5027ac, org.springframework.test.context.event.EventPublishingTestExecutionListener@51e984ef, org.springframework.boot.test.mock.mockito.ResetMocksTestExecutionListener@1ee5e214, org.springframework.boot.test.autoconfigure.restdocs.RestDocsTestExecutionListener@3cec945c, org.springframework.boot.test.autoconfigure.web.client.MockRestServiceServerResetTestExecutionListener@61dcb92a, org.springframework.boot.test.autoconfigure.web.servlet.MockMvcPrintOnlyOnFailureTestExecutionListener@7c8f8702, org.springframework.boot.test.autoconfigure.web.servlet.WebDriverTestExecutionListener@4dcb2fc5, org.springframework.boot.test.autoconfigure.webservices.client.MockWebServiceServerTestExecutionListener@15dd1c54]

  .   ____          _            __ _ _
 /\\ / ___'_ __ _ _(_)_ __  __ _ \ \ \ \
( ( )\___ | '_ | '_| | '_ \/ _` | \ \ \ \
 \\/  ___)| |_)| | | | | || (_| |  ) ) ) )
  '  |____| .__|_| |_|_| |_\__, | / / / /
 =========|_|==============|___/=/_/_/_/
 :: Spring Boot ::                (v2.6.3)

2022-08-14 14:12:42.023  INFO 14728 --- [           main] b.s.LawnMowerCompanyAccountCreationSteps : Starting LawnMowerCompanyAccountCreationSteps using Java 11.0.13 on DESKTOP-LEONARDO with PID 14728 (started by leonardo in C:\Users\leona\Projects\lawn-mowers-united\lawn-mowers-united-service)
2022-08-14 14:12:42.023  INFO 14728 --- [           main] b.s.LawnMowerCompanyAccountCreationSteps : No active profile set, falling back to default profiles: default
2022-08-14 14:12:42.134  INFO 14728 --- [           main] .s.d.r.c.RepositoryConfigurationDelegate : Bootstrapping Spring Data JPA repositories in DEFAULT mode.
2022-08-14 14:12:42.158  INFO 14728 --- [           main] .s.d.r.c.RepositoryConfigurationDelegate : Finished Spring Data repository scanning in 22 ms. Found 2 JPA repository interfaces.
2022-08-14 14:12:42.166  INFO 14728 --- [           main] beddedDataSourceBeanFactoryPostProcessor : Replacing 'dataSource' DataSource bean with embedded version
2022-08-14 14:12:42.202  INFO 14728 --- [           main] o.s.j.d.e.EmbeddedDatabaseFactory        : Starting embedded database: url='jdbc:h2:mem:136db761-a161-44ce-974c-98d19a6b8122;DB_CLOSE_DELAY=-1;DB_CLOSE_ON_EXIT=false', username='sa'
2022-08-14 14:12:42.236  INFO 14728 --- [           main] o.hibernate.jpa.internal.util.LogHelper  : HHH000204: Processing PersistenceUnitInfo [name: default]
2022-08-14 14:12:42.240  INFO 14728 --- [           main] org.hibernate.dialect.Dialect            : HHH000400: Using dialect: org.hibernate.dialect.H2Dialect
Hibernate: drop table if exists lawn_mower_company_data CASCADE 
Hibernate: drop table if exists lawn_mower_customer_data CASCADE 
Hibernate: create table lawn_mower_company_data (email varchar(255) not null, name varchar(255) not null, primary key (email, name))
Hibernate: create table lawn_mower_customer_data (email varchar(255) not null, name varchar(255) not null, primary key (email, name))
2022-08-14 14:12:42.264  INFO 14728 --- [           main] o.h.e.t.j.p.i.JtaPlatformInitiator       : HHH000490: Using JtaPlatform implementation: [org.hibernate.engine.transaction.jta.platform.internal.NoJtaPlatform]
2022-08-14 14:12:42.268  INFO 14728 --- [           main] j.LocalContainerEntityManagerFactoryBean : Initialized JPA EntityManagerFactory for persistence unit 'default'
2022-08-14 14:12:42.388  INFO 14728 --- [           main] b.s.LawnMowerCompanyAccountCreationSteps : Started LawnMowerCompanyAccountCreationSteps in 0.4 seconds (JVM running for 7.133)

Scenario: Request for Lawn Mower Companies and no lawn mower companies exist &amp#27;[90m# com/lessonsbyleo/LawnMowersUnited/lawn_mower_companies_request.feature:2&amp#27;[0m
Hibernate: select lawnmowerc0_.email as email1_0_, lawnmowerc0_.name as name2_0_ from lawn_mower_company_data lawnmowerc0_
  &amp#27;[32mGiven &amp#27;[0m&amp#27;[32mthat there are no Lawn Mower Companies&amp#27;[0m                               &amp#27;[90m# com.lessonsbyleo.LawnMowersUnited.bdd.steps.LawnMowerCompanyAccountCreationSteps.thatThereAreNoLawnMowerCompanies()&amp#27;[0m
Hibernate: select lawnmowerc0_.email as email1_0_, lawnmowerc0_.name as name2_0_ from lawn_mower_company_data lawnmowerc0_
  &amp#27;[32mWhen &amp#27;[0m&amp#27;[32mLawn Mowers United receives a request for Lawn Mower Companies&amp#27;[0m        &amp#27;[90m# com.lessonsbyleo.LawnMowersUnited.bdd.steps.LawnMowerCompanyAccountCreationSteps.lawnMowersUnitedReceivesARequestForLawnMowerCompanies()&amp#27;[0m
  &amp#27;[32mThen &amp#27;[0m&amp#27;[32mthe Lawn Mower responds with the Lawn Mower Companies&amp#27;[0m                 &amp#27;[90m# com.lessonsbyleo.LawnMowersUnited.bdd.steps.LawnMowerCompanyAccountCreationSteps.theLawnMowerRespondsWithTheLawnMowerCompanies()&amp#27;[0m
  &amp#27;[32mAnd &amp#27;[0m&amp#27;[32mthere are &amp#27;[0m&amp#27;[32m&amp#27;[1m0&amp#27;[0m&amp#27;[32m Lawn Mower Companies&amp#27;[0m                                       &amp#27;[90m# com.lessonsbyleo.LawnMowersUnited.bdd.steps.LawnMowerCompanyAccountCreationSteps.thereAreLawnMowerCompanies(int)&amp#27;[0m
]]></system-out>
  </testcase>
  <testcase name="In Memory Component Test - Lawn Mower Companies Account requests - Request for Lawn Mower Companies and 1 lawn mower companies exist" classname="In Memory Component Test - Lawn Mower Companies Account requests" time="0.128">
    <system-out><![CDATA[2022-08-14 14:12:42.752  INFO 14728 --- [           main] o.s.t.c.support.AbstractContextLoader    : Could not detect default resource locations for test class [com.lessonsbyleo.LawnMowersUnited.bdd.steps.LawnMowerCompanyAccountCreationSteps]: no resource found for suffixes {-context.xml, Context.groovy}.
2022-08-14 14:12:42.756  INFO 14728 --- [           main] b.t.a.o.j.DataJpaTestContextBootstrapper : Loaded default TestExecutionListener class names from location [META-INF/spring.factories]: [org.springframework.boot.test.mock.mockito.MockitoTestExecutionListener, org.springframework.boot.test.mock.mockito.ResetMocksTestExecutionListener, org.springframework.test.context.web.ServletTestExecutionListener, org.springframework.test.context.support.DirtiesContextBeforeModesTestExecutionListener, org.springframework.test.context.event.ApplicationEventsTestExecutionListener, org.springframework.test.context.support.DependencyInjectionTestExecutionListener, org.springframework.test.context.support.DirtiesContextTestExecutionListener, org.springframework.test.context.transaction.TransactionalTestExecutionListener, org.springframework.test.context.jdbc.SqlScriptsTestExecutionListener, org.springframework.test.context.event.EventPublishingTestExecutionListener, org.springframework.boot.test.autoconfigure.restdocs.RestDocsTestExecutionListener, org.springframework.boot.test.autoconfigure.web.client.MockRestServiceServerResetTestExecutionListener, org.springframework.boot.test.autoconfigure.web.servlet.MockMvcPrintOnlyOnFailureTestExecutionListener, org.springframework.boot.test.autoconfigure.web.servlet.WebDriverTestExecutionListener, org.springframework.boot.test.autoconfigure.webservices.client.MockWebServiceServerTestExecutionListener]
2022-08-14 14:12:42.756  INFO 14728 --- [           main] b.t.a.o.j.DataJpaTestContextBootstrapper : Using TestExecutionListeners: [org.springframework.test.context.web.ServletTestExecutionListener@6ab1191, org.springframework.test.context.support.DirtiesContextBeforeModesTestExecutionListener@1c78e14d, org.springframework.test.context.event.ApplicationEventsTestExecutionListener@75bed7e7, org.springframework.boot.test.mock.mockito.MockitoTestExecutionListener@72384c99, org.springframework.boot.test.autoconfigure.SpringBootDependencyInjectionTestExecutionListener@2c41fcd6, org.springframework.test.context.support.DirtiesContextTestExecutionListener@7768029a, org.springframework.test.context.transaction.TransactionalTestExecutionListener@74eae27f, org.springframework.test.context.jdbc.SqlScriptsTestExecutionListener@440624ff, org.springframework.test.context.event.EventPublishingTestExecutionListener@6782c7e5, org.springframework.boot.test.mock.mockito.ResetMocksTestExecutionListener@50c9655d, org.springframework.boot.test.autoconfigure.restdocs.RestDocsTestExecutionListener@73938c21, org.springframework.boot.test.autoconfigure.web.client.MockRestServiceServerResetTestExecutionListener@6c76f70, org.springframework.boot.test.autoconfigure.web.servlet.MockMvcPrintOnlyOnFailureTestExecutionListener@770b2da2, org.springframework.boot.test.autoconfigure.web.servlet.WebDriverTestExecutionListener@6cf35d93, org.springframework.boot.test.autoconfigure.webservices.client.MockWebServiceServerTestExecutionListener@36e36a8]

Scenario: Request for Lawn Mower Companies and 1 lawn mower companies exist &amp#27;[90m# com/lessonsbyleo/LawnMowersUnited/lawn_mower_companies_request.feature:8&amp#27;[0m
Hibernate: select lawnmowerc0_.email as email1_0_0_, lawnmowerc0_.name as name2_0_0_ from lawn_mower_company_data lawnmowerc0_ where lawnmowerc0_.email=? and lawnmowerc0_.name=?

    [ {
      "companyName" : "Some Lawn Mower Company0",
      "companyEmail" : "someLawnMowerCompany@email.com0"
    } ]

Hibernate: insert into lawn_mower_company_data (email, name) values (?, ?)
  &amp#27;[32mGiven &amp#27;[0m&amp#27;[32mthat there are &amp#27;[0m&amp#27;[32m&amp#27;[1m1&amp#27;[0m&amp#27;[32m Lawn Mower Companies&amp#27;[0m                               &amp#27;[90m# com.lessonsbyleo.LawnMowersUnited.bdd.steps.LawnMowerCompanyAccountCreationSteps.thatThereAreLawnMowerCompanies(int)&amp#27;[0m
Hibernate: select lawnmowerc0_.email as email1_0_, lawnmowerc0_.name as name2_0_ from lawn_mower_company_data lawnmowerc0_
  &amp#27;[32mWhen &amp#27;[0m&amp#27;[32mLawn Mowers United receives a request for Lawn Mower Companies&amp#27;[0m       &amp#27;[90m# com.lessonsbyleo.LawnMowersUnited.bdd.steps.LawnMowerCompanyAccountCreationSteps.lawnMowersUnitedReceivesARequestForLawnMowerCompanies()&amp#27;[0m
  &amp#27;[32mThen &amp#27;[0m&amp#27;[32mthe Lawn Mower responds with the Lawn Mower Companies&amp#27;[0m                &amp#27;[90m# com.lessonsbyleo.LawnMowersUnited.bdd.steps.LawnMowerCompanyAccountCreationSteps.theLawnMowerRespondsWithTheLawnMowerCompanies()&amp#27;[0m
  &amp#27;[32mAnd &amp#27;[0m&amp#27;[32mthere are &amp#27;[0m&amp#27;[32m&amp#27;[1m1&amp#27;[0m&amp#27;[32m Lawn Mower Companies&amp#27;[0m                                      &amp#27;[90m# com.lessonsbyleo.LawnMowersUnited.bdd.steps.LawnMowerCompanyAccountCreationSteps.thereAreLawnMowerCompanies(int)&amp#27;[0m
]]></system-out>
  </testcase>
  <testcase name="In Memory Component Test - Lawn Mower Companies Account requests - Request for Lawn Mower Companies and 2 lawn mower companies exist" classname="In Memory Component Test - Lawn Mower Companies Account requests" time="0.026">
    <system-out><![CDATA[2022-08-14 14:12:42.884  INFO 14728 --- [           main] o.s.t.c.support.AbstractContextLoader    : Could not detect default resource locations for test class [com.lessonsbyleo.LawnMowersUnited.bdd.steps.LawnMowerCompanyAccountCreationSteps]: no resource found for suffixes {-context.xml, Context.groovy}.
2022-08-14 14:12:42.886  INFO 14728 --- [           main] b.t.a.o.j.DataJpaTestContextBootstrapper : Loaded default TestExecutionListener class names from location [META-INF/spring.factories]: [org.springframework.boot.test.mock.mockito.MockitoTestExecutionListener, org.springframework.boot.test.mock.mockito.ResetMocksTestExecutionListener, org.springframework.test.context.web.ServletTestExecutionListener, org.springframework.test.context.support.DirtiesContextBeforeModesTestExecutionListener, org.springframework.test.context.event.ApplicationEventsTestExecutionListener, org.springframework.test.context.support.DependencyInjectionTestExecutionListener, org.springframework.test.context.support.DirtiesContextTestExecutionListener, org.springframework.test.context.transaction.TransactionalTestExecutionListener, org.springframework.test.context.jdbc.SqlScriptsTestExecutionListener, org.springframework.test.context.event.EventPublishingTestExecutionListener, org.springframework.boot.test.autoconfigure.restdocs.RestDocsTestExecutionListener, org.springframework.boot.test.autoconfigure.web.client.MockRestServiceServerResetTestExecutionListener, org.springframework.boot.test.autoconfigure.web.servlet.MockMvcPrintOnlyOnFailureTestExecutionListener, org.springframework.boot.test.autoconfigure.web.servlet.WebDriverTestExecutionListener, org.springframework.boot.test.autoconfigure.webservices.client.MockWebServiceServerTestExecutionListener]
2022-08-14 14:12:42.886  INFO 14728 --- [           main] b.t.a.o.j.DataJpaTestContextBootstrapper : Using TestExecutionListeners: [org.springframework.test.context.web.ServletTestExecutionListener@6b33a77c, org.springframework.test.context.support.DirtiesContextBeforeModesTestExecutionListener@6b7e1ca9, org.springframework.test.context.event.ApplicationEventsTestExecutionListener@76e7240a, org.springframework.boot.test.mock.mockito.MockitoTestExecutionListener@2d498b95, org.springframework.boot.test.autoconfigure.SpringBootDependencyInjectionTestExecutionListener@5b37c107, org.springframework.test.context.support.DirtiesContextTestExecutionListener@4037059c, org.springframework.test.context.transaction.TransactionalTestExecutionListener@fbfaee4, org.springframework.test.context.jdbc.SqlScriptsTestExecutionListener@6ecb89a5, org.springframework.test.context.event.EventPublishingTestExecutionListener@b115282, org.springframework.boot.test.mock.mockito.ResetMocksTestExecutionListener@7372ad99, org.springframework.boot.test.autoconfigure.restdocs.RestDocsTestExecutionListener@1c8e59d, org.springframework.boot.test.autoconfigure.web.client.MockRestServiceServerResetTestExecutionListener@33fcc2a0, org.springframework.boot.test.autoconfigure.web.servlet.MockMvcPrintOnlyOnFailureTestExecutionListener@32f8131f, org.springframework.boot.test.autoconfigure.web.servlet.WebDriverTestExecutionListener@54006ebc, org.springframework.boot.test.autoconfigure.webservices.client.MockWebServiceServerTestExecutionListener@12a29dac]

Scenario: Request for Lawn Mower Companies and 2 lawn mower companies exist &amp#27;[90m# com/lessonsbyleo/LawnMowersUnited/lawn_mower_companies_request.feature:14&amp#27;[0m
Hibernate: select lawnmowerc0_.email as email1_0_0_, lawnmowerc0_.name as name2_0_0_ from lawn_mower_company_data lawnmowerc0_ where lawnmowerc0_.email=? and lawnmowerc0_.name=?
Hibernate: select lawnmowerc0_.email as email1_0_0_, lawnmowerc0_.name as name2_0_0_ from lawn_mower_company_data lawnmowerc0_ where lawnmowerc0_.email=? and lawnmowerc0_.name=?

    [ {
      "companyName" : "Some Lawn Mower Company0",
      "companyEmail" : "someLawnMowerCompany@email.com0"
    }, {
      "companyName" : "Some Lawn Mower Company1",
      "companyEmail" : "someLawnMowerCompany@email.com1"
    } ]

Hibernate: insert into lawn_mower_company_data (email, name) values (?, ?)
  &amp#27;[32mGiven &amp#27;[0m&amp#27;[32mthat there are &amp#27;[0m&amp#27;[32m&amp#27;[1m2&amp#27;[0m&amp#27;[32m Lawn Mower Companies&amp#27;[0m                               &amp#27;[90m# com.lessonsbyleo.LawnMowersUnited.bdd.steps.LawnMowerCompanyAccountCreationSteps.thatThereAreLawnMowerCompanies(int)&amp#27;[0m
Hibernate: select lawnmowerc0_.email as email1_0_, lawnmowerc0_.name as name2_0_ from lawn_mower_company_data lawnmowerc0_
  &amp#27;[32mWhen &amp#27;[0m&amp#27;[32mLawn Mowers United receives a request for Lawn Mower Companies&amp#27;[0m       &amp#27;[90m# com.lessonsbyleo.LawnMowersUnited.bdd.steps.LawnMowerCompanyAccountCreationSteps.lawnMowersUnitedReceivesARequestForLawnMowerCompanies()&amp#27;[0m
  &amp#27;[32mThen &amp#27;[0m&amp#27;[32mthe Lawn Mower responds with the Lawn Mower Companies&amp#27;[0m                &amp#27;[90m# com.lessonsbyleo.LawnMowersUnited.bdd.steps.LawnMowerCompanyAccountCreationSteps.theLawnMowerRespondsWithTheLawnMowerCompanies()&amp#27;[0m
  &amp#27;[32mAnd &amp#27;[0m&amp#27;[32mthere are &amp#27;[0m&amp#27;[32m&amp#27;[1m2&amp#27;[0m&amp#27;[32m Lawn Mower Companies&amp#27;[0m                                      &amp#27;[90m# com.lessonsbyleo.LawnMowersUnited.bdd.steps.LawnMowerCompanyAccountCreationSteps.thereAreLawnMowerCompanies(int)&amp#27;[0m
]]></system-out>
  </testcase>
  <testcase name="In Memory Component Test - Lawn Mower Company Account Creation - A Lawn Mower Company applies to Lawn Mowers United" classname="In Memory Component Test - Lawn Mower Company Account Creation" time="0.055">
    <system-out><![CDATA[2022-08-14 14:12:42.908  INFO 14728 --- [           main] o.s.t.c.support.AbstractContextLoader    : Could not detect default resource locations for test class [com.lessonsbyleo.LawnMowersUnited.bdd.steps.LawnMowerCompanyAccountCreationSteps]: no resource found for suffixes {-context.xml, Context.groovy}.
2022-08-14 14:12:42.908  INFO 14728 --- [           main] b.t.a.o.j.DataJpaTestContextBootstrapper : Loaded default TestExecutionListener class names from location [META-INF/spring.factories]: [org.springframework.boot.test.mock.mockito.MockitoTestExecutionListener, org.springframework.boot.test.mock.mockito.ResetMocksTestExecutionListener, org.springframework.test.context.web.ServletTestExecutionListener, org.springframework.test.context.support.DirtiesContextBeforeModesTestExecutionListener, org.springframework.test.context.event.ApplicationEventsTestExecutionListener, org.springframework.test.context.support.DependencyInjectionTestExecutionListener, org.springframework.test.context.support.DirtiesContextTestExecutionListener, org.springframework.test.context.transaction.TransactionalTestExecutionListener, org.springframework.test.context.jdbc.SqlScriptsTestExecutionListener, org.springframework.test.context.event.EventPublishingTestExecutionListener, org.springframework.boot.test.autoconfigure.restdocs.RestDocsTestExecutionListener, org.springframework.boot.test.autoconfigure.web.client.MockRestServiceServerResetTestExecutionListener, org.springframework.boot.test.autoconfigure.web.servlet.MockMvcPrintOnlyOnFailureTestExecutionListener, org.springframework.boot.test.autoconfigure.web.servlet.WebDriverTestExecutionListener, org.springframework.boot.test.autoconfigure.webservices.client.MockWebServiceServerTestExecutionListener]
2022-08-14 14:12:42.908  INFO 14728 --- [           main] b.t.a.o.j.DataJpaTestContextBootstrapper : Using TestExecutionListeners: [org.springframework.test.context.web.ServletTestExecutionListener@52ebb776, org.springframework.test.context.support.DirtiesContextBeforeModesTestExecutionListener@32c4e89f, org.springframework.test.context.event.ApplicationEventsTestExecutionListener@313bbdca, org.springframework.boot.test.mock.mockito.MockitoTestExecutionListener@269deb29, org.springframework.boot.test.autoconfigure.SpringBootDependencyInjectionTestExecutionListener@29c2b88b, org.springframework.test.context.support.DirtiesContextTestExecutionListener@3cd72d3c, org.springframework.test.context.transaction.TransactionalTestExecutionListener@506e0281, org.springframework.test.context.jdbc.SqlScriptsTestExecutionListener@19637f06, org.springframework.test.context.event.EventPublishingTestExecutionListener@25599a41, org.springframework.boot.test.mock.mockito.ResetMocksTestExecutionListener@20e2ed1b, org.springframework.boot.test.autoconfigure.restdocs.RestDocsTestExecutionListener@38998c, org.springframework.boot.test.autoconfigure.web.client.MockRestServiceServerResetTestExecutionListener@2a15dc2, org.springframework.boot.test.autoconfigure.web.servlet.MockMvcPrintOnlyOnFailureTestExecutionListener@6bc35445, org.springframework.boot.test.autoconfigure.web.servlet.WebDriverTestExecutionListener@5c7ee613, org.springframework.boot.test.autoconfigure.webservices.client.MockWebServiceServerTestExecutionListener@18cee0e9]

Scenario: A Lawn Mower Company applies to Lawn Mowers United                                       &amp#27;[90m# com/lessonsbyleo/LawnMowersUnited/lawn_mower_company_account_creation.feature:3&amp#27;[0m

    {
      "companyName" : "Some Lawn Mower Company0",
      "companyEmail" : "someLawnMowerCompany@email.com0"
    }

  &amp#27;[32mGiven &amp#27;[0m&amp#27;[32ma Lawn Mower Company is ready to apply to Lawn Mowers United&amp#27;[0m                               &amp#27;[90m# com.lessonsbyleo.LawnMowersUnited.bdd.steps.LawnMowerCompanyAccountCreationSteps.a_lawn_mower_company_is_ready_to_apply_to_lawn_mowers_united()&amp#27;[0m
Hibernate: select lawnmowerc0_.email as email1_0_, lawnmowerc0_.name as name2_0_ from lawn_mower_company_data lawnmowerc0_ where lawnmowerc0_.email=? and lawnmowerc0_.name=?
  &amp#27;[32mWhen &amp#27;[0m&amp#27;[32mLawn Mowers United receives the Lawn Mower Companies application&amp#27;[0m                            &amp#27;[90m# com.lessonsbyleo.LawnMowersUnited.bdd.steps.LawnMowerCompanyAccountCreationSteps.lawn_mowers_united_receives_the_lawn_mower_companies_application()&amp#27;[0m
  &amp#27;[32mThen &amp#27;[0m&amp#27;[32mLawn Mowers United replies to the Lawn Mower Companies with the applications initial status&amp#27;[0m &amp#27;[90m# com.lessonsbyleo.LawnMowersUnited.bdd.steps.LawnMowerCompanyAccountCreationSteps.lawn_mowers_united_replies_to_the_lawn_mower_companies_with_the_applications_initial_status()&amp#27;[0m
]]></system-out>
  </testcase>
  <testcase name="In Memory Component Test - Lawn Mower Company Account Creation - New Lawn Mower Company applies" classname="In Memory Component Test - Lawn Mower Company Account Creation" time="0.047">
    <system-out><![CDATA[2022-08-14 14:12:42.964  INFO 14728 --- [           main] o.s.t.c.support.AbstractContextLoader    : Could not detect default resource locations for test class [com.lessonsbyleo.LawnMowersUnited.bdd.steps.LawnMowerCompanyAccountCreationSteps]: no resource found for suffixes {-context.xml, Context.groovy}.
2022-08-14 14:12:42.964  INFO 14728 --- [           main] b.t.a.o.j.DataJpaTestContextBootstrapper : Loaded default TestExecutionListener class names from location [META-INF/spring.factories]: [org.springframework.boot.test.mock.mockito.MockitoTestExecutionListener, org.springframework.boot.test.mock.mockito.ResetMocksTestExecutionListener, org.springframework.test.context.web.ServletTestExecutionListener, org.springframework.test.context.support.DirtiesContextBeforeModesTestExecutionListener, org.springframework.test.context.event.ApplicationEventsTestExecutionListener, org.springframework.test.context.support.DependencyInjectionTestExecutionListener, org.springframework.test.context.support.DirtiesContextTestExecutionListener, org.springframework.test.context.transaction.TransactionalTestExecutionListener, org.springframework.test.context.jdbc.SqlScriptsTestExecutionListener, org.springframework.test.context.event.EventPublishingTestExecutionListener, org.springframework.boot.test.autoconfigure.restdocs.RestDocsTestExecutionListener, org.springframework.boot.test.autoconfigure.web.client.MockRestServiceServerResetTestExecutionListener, org.springframework.boot.test.autoconfigure.web.servlet.MockMvcPrintOnlyOnFailureTestExecutionListener, org.springframework.boot.test.autoconfigure.web.servlet.WebDriverTestExecutionListener, org.springframework.boot.test.autoconfigure.webservices.client.MockWebServiceServerTestExecutionListener]
2022-08-14 14:12:42.964  INFO 14728 --- [           main] b.t.a.o.j.DataJpaTestContextBootstrapper : Using TestExecutionListeners: [org.springframework.test.context.web.ServletTestExecutionListener@32f55538, org.springframework.test.context.support.DirtiesContextBeforeModesTestExecutionListener@3c25bb2a, org.springframework.test.context.event.ApplicationEventsTestExecutionListener@4c641e43, org.springframework.boot.test.mock.mockito.MockitoTestExecutionListener@2496a9d6, org.springframework.boot.test.autoconfigure.SpringBootDependencyInjectionTestExecutionListener@3c5274e9, org.springframework.test.context.support.DirtiesContextTestExecutionListener@2dbf64a2, org.springframework.test.context.transaction.TransactionalTestExecutionListener@4145f150, org.springframework.test.context.jdbc.SqlScriptsTestExecutionListener@508c38b7, org.springframework.test.context.event.EventPublishingTestExecutionListener@7fd6fb73, org.springframework.boot.test.mock.mockito.ResetMocksTestExecutionListener@299a0a5f, org.springframework.boot.test.autoconfigure.restdocs.RestDocsTestExecutionListener@473bb14d, org.springframework.boot.test.autoconfigure.web.client.MockRestServiceServerResetTestExecutionListener@7643709d, org.springframework.boot.test.autoconfigure.web.servlet.MockMvcPrintOnlyOnFailureTestExecutionListener@3e061045, org.springframework.boot.test.autoconfigure.web.servlet.WebDriverTestExecutionListener@47372d28, org.springframework.boot.test.autoconfigure.webservices.client.MockWebServiceServerTestExecutionListener@5d1c5d5a]

Scenario: New Lawn Mower Company applies                                            &amp#27;[90m# com/lessonsbyleo/LawnMowersUnited/lawn_mower_company_account_creation.feature:8&amp#27;[0m

    {
      "companyName" : "Some Lawn Mower Company0",
      "companyEmail" : "someLawnMowerCompany@email.com0"
    }

  &amp#27;[32mGiven &amp#27;[0m&amp#27;[32ma Lawn Mower Company is ready to apply to Lawn Mowers United&amp#27;[0m                &amp#27;[90m# com.lessonsbyleo.LawnMowersUnited.bdd.steps.LawnMowerCompanyAccountCreationSteps.a_lawn_mower_company_is_ready_to_apply_to_lawn_mowers_united()&amp#27;[0m
Hibernate: select lawnmowerc0_.email as email1_0_0_, lawnmowerc0_.name as name2_0_0_ from lawn_mower_company_data lawnmowerc0_ where lawnmowerc0_.email=? and lawnmowerc0_.name=?
Hibernate: delete from lawn_mower_company_data where email=? and name=?
  &amp#27;[32mAnd &amp#27;[0m&amp#27;[32ma Lawn Mower Company does not have an existing account&amp#27;[0m                        &amp#27;[90m# com.lessonsbyleo.LawnMowersUnited.bdd.steps.LawnMowerCompanyAccountCreationSteps.aLawnMowerCompanyDoesNotHaveAnExistingAccount()&amp#27;[0m
Hibernate: select lawnmowerc0_.email as email1_0_, lawnmowerc0_.name as name2_0_ from lawn_mower_company_data lawnmowerc0_ where lawnmowerc0_.email=? and lawnmowerc0_.name=?
Hibernate: select lawnmowerc0_.email as email1_0_0_, lawnmowerc0_.name as name2_0_0_ from lawn_mower_company_data lawnmowerc0_ where lawnmowerc0_.email=? and lawnmowerc0_.name=?
Hibernate: insert into lawn_mower_company_data (email, name) values (?, ?)
  &amp#27;[32mWhen &amp#27;[0m&amp#27;[32mLawn Mowers United receives the Lawn Mower Companies application&amp#27;[0m             &amp#27;[90m# com.lessonsbyleo.LawnMowersUnited.bdd.steps.LawnMowerCompanyAccountCreationSteps.lawn_mowers_united_receives_the_lawn_mower_companies_application()&amp#27;[0m
  &amp#27;[32mThen &amp#27;[0m&amp#27;[32mLawn Mowers United verifies the Lawn Mower Companies accounts does not exist&amp#27;[0m &amp#27;[90m# com.lessonsbyleo.LawnMowersUnited.bdd.steps.LawnMowerCompanyAccountCreationSteps.lawnMowersUnitedVerifiesTheLawnMowerCompaniesAccountsDoesNotExist()&amp#27;[0m

    AccountCreationState: UNDER_REVIEW

  &amp#27;[32mAnd &amp#27;[0m&amp#27;[32mthe Lawn Mower Companies account application is under review&amp#27;[0m                  &amp#27;[90m# com.lessonsbyleo.LawnMowersUnited.bdd.steps.LawnMowerCompanyAccountCreationSteps.theLawnMowerCompaniesAccountApplicationIsUnderReview()&amp#27;[0m
]]></system-out>
  </testcase>
  <testcase name="In Memory Component Test - Lawn Mower Company Account Creation - New account creation Event published" classname="In Memory Component Test - Lawn Mower Company Account Creation" time="0.025">
    <system-out><![CDATA[2022-08-14 14:12:43.013  INFO 14728 --- [           main] o.s.t.c.support.AbstractContextLoader    : Could not detect default resource locations for test class [com.lessonsbyleo.LawnMowersUnited.bdd.steps.LawnMowerCompanyAccountCreationSteps]: no resource found for suffixes {-context.xml, Context.groovy}.
2022-08-14 14:12:43.013  INFO 14728 --- [           main] b.t.a.o.j.DataJpaTestContextBootstrapper : Loaded default TestExecutionListener class names from location [META-INF/spring.factories]: [org.springframework.boot.test.mock.mockito.MockitoTestExecutionListener, org.springframework.boot.test.mock.mockito.ResetMocksTestExecutionListener, org.springframework.test.context.web.ServletTestExecutionListener, org.springframework.test.context.support.DirtiesContextBeforeModesTestExecutionListener, org.springframework.test.context.event.ApplicationEventsTestExecutionListener, org.springframework.test.context.support.DependencyInjectionTestExecutionListener, org.springframework.test.context.support.DirtiesContextTestExecutionListener, org.springframework.test.context.transaction.TransactionalTestExecutionListener, org.springframework.test.context.jdbc.SqlScriptsTestExecutionListener, org.springframework.test.context.event.EventPublishingTestExecutionListener, org.springframework.boot.test.autoconfigure.restdocs.RestDocsTestExecutionListener, org.springframework.boot.test.autoconfigure.web.client.MockRestServiceServerResetTestExecutionListener, org.springframework.boot.test.autoconfigure.web.servlet.MockMvcPrintOnlyOnFailureTestExecutionListener, org.springframework.boot.test.autoconfigure.web.servlet.WebDriverTestExecutionListener, org.springframework.boot.test.autoconfigure.webservices.client.MockWebServiceServerTestExecutionListener]
2022-08-14 14:12:43.013  INFO 14728 --- [           main] b.t.a.o.j.DataJpaTestContextBootstrapper : Using TestExecutionListeners: [org.springframework.test.context.web.ServletTestExecutionListener@7eb01546, org.springframework.test.context.support.DirtiesContextBeforeModesTestExecutionListener@636d656b, org.springframework.test.context.event.ApplicationEventsTestExecutionListener@67edbe3f, org.springframework.boot.test.mock.mockito.MockitoTestExecutionListener@d744987, org.springframework.boot.test.autoconfigure.SpringBootDependencyInjectionTestExecutionListener@7390774a, org.springframework.test.context.support.DirtiesContextTestExecutionListener@7bde126e, org.springframework.test.context.transaction.TransactionalTestExecutionListener@71c8576c, org.springframework.test.context.jdbc.SqlScriptsTestExecutionListener@5e5f00a3, org.springframework.test.context.event.EventPublishingTestExecutionListener@2e050605, org.springframework.boot.test.mock.mockito.ResetMocksTestExecutionListener@25432cc9, org.springframework.boot.test.autoconfigure.restdocs.RestDocsTestExecutionListener@16836c3a, org.springframework.boot.test.autoconfigure.web.client.MockRestServiceServerResetTestExecutionListener@307f3c51, org.springframework.boot.test.autoconfigure.web.servlet.MockMvcPrintOnlyOnFailureTestExecutionListener@364c2175, org.springframework.boot.test.autoconfigure.web.servlet.WebDriverTestExecutionListener@a556611, org.springframework.boot.test.autoconfigure.webservices.client.MockWebServiceServerTestExecutionListener@73a39dd]

Scenario: New account creation Event published                          &amp#27;[90m# com/lessonsbyleo/LawnMowersUnited/lawn_mower_company_account_creation.feature:15&amp#27;[0m

    {
      "companyName" : "Some Lawn Mower Company0",
      "companyEmail" : "someLawnMowerCompany@email.com0"
    }

  &amp#27;[32mGiven &amp#27;[0m&amp#27;[32ma Lawn Mower Company is ready to apply to Lawn Mowers United&amp#27;[0m    &amp#27;[90m# com.lessonsbyleo.LawnMowersUnited.bdd.steps.LawnMowerCompanyAccountCreationSteps.a_lawn_mower_company_is_ready_to_apply_to_lawn_mowers_united()&amp#27;[0m
Hibernate: select lawnmowerc0_.email as email1_0_0_, lawnmowerc0_.name as name2_0_0_ from lawn_mower_company_data lawnmowerc0_ where lawnmowerc0_.email=? and lawnmowerc0_.name=?
Hibernate: delete from lawn_mower_company_data where email=? and name=?
  &amp#27;[32mAnd &amp#27;[0m&amp#27;[32ma Lawn Mower Company does not have an existing account&amp#27;[0m            &amp#27;[90m# com.lessonsbyleo.LawnMowersUnited.bdd.steps.LawnMowerCompanyAccountCreationSteps.aLawnMowerCompanyDoesNotHaveAnExistingAccount()&amp#27;[0m
Hibernate: select lawnmowerc0_.email as email1_0_, lawnmowerc0_.name as name2_0_ from lawn_mower_company_data lawnmowerc0_ where lawnmowerc0_.email=? and lawnmowerc0_.name=?
Hibernate: select lawnmowerc0_.email as email1_0_0_, lawnmowerc0_.name as name2_0_0_ from lawn_mower_company_data lawnmowerc0_ where lawnmowerc0_.email=? and lawnmowerc0_.name=?
Hibernate: insert into lawn_mower_company_data (email, name) values (?, ?)
  &amp#27;[32mWhen &amp#27;[0m&amp#27;[32mLawn Mowers United receives the Lawn Mower Companies application&amp#27;[0m &amp#27;[90m# com.lessonsbyleo.LawnMowersUnited.bdd.steps.LawnMowerCompanyAccountCreationSteps.lawn_mowers_united_receives_the_lawn_mower_companies_application()&amp#27;[0m

    {
      "type" : "LAWN_MOWER_COMPANY",
      "email" : "someLawnMowerCompany@email.com0",
      "description" : "New Account Created for Some Lawn Mower Company0:someLawnMowerCompany@email.com0"
    }

  &amp#27;[32mThen &amp#27;[0m&amp#27;[32ma new account creation event occurs&amp#27;[0m                              &amp#27;[90m# com.lessonsbyleo.LawnMowersUnited.bdd.steps.LawnMowerCompanyAccountCreationSteps.aNewAccountCreationEventOccurs()&amp#27;[0m
]]></system-out>
  </testcase>
  <testcase name="In Memory Component Test - Lawn Mower Company Account Creation - New account creation Event consumed" classname="In Memory Component Test - Lawn Mower Company Account Creation" time="0.037">
    <system-out><![CDATA[2022-08-14 14:12:43.035  INFO 14728 --- [           main] o.s.t.c.support.AbstractContextLoader    : Could not detect default resource locations for test class [com.lessonsbyleo.LawnMowersUnited.bdd.steps.LawnMowerCompanyAccountCreationSteps]: no resource found for suffixes {-context.xml, Context.groovy}.
2022-08-14 14:12:43.035  INFO 14728 --- [           main] b.t.a.o.j.DataJpaTestContextBootstrapper : Loaded default TestExecutionListener class names from location [META-INF/spring.factories]: [org.springframework.boot.test.mock.mockito.MockitoTestExecutionListener, org.springframework.boot.test.mock.mockito.ResetMocksTestExecutionListener, org.springframework.test.context.web.ServletTestExecutionListener, org.springframework.test.context.support.DirtiesContextBeforeModesTestExecutionListener, org.springframework.test.context.event.ApplicationEventsTestExecutionListener, org.springframework.test.context.support.DependencyInjectionTestExecutionListener, org.springframework.test.context.support.DirtiesContextTestExecutionListener, org.springframework.test.context.transaction.TransactionalTestExecutionListener, org.springframework.test.context.jdbc.SqlScriptsTestExecutionListener, org.springframework.test.context.event.EventPublishingTestExecutionListener, org.springframework.boot.test.autoconfigure.restdocs.RestDocsTestExecutionListener, org.springframework.boot.test.autoconfigure.web.client.MockRestServiceServerResetTestExecutionListener, org.springframework.boot.test.autoconfigure.web.servlet.MockMvcPrintOnlyOnFailureTestExecutionListener, org.springframework.boot.test.autoconfigure.web.servlet.WebDriverTestExecutionListener, org.springframework.boot.test.autoconfigure.webservices.client.MockWebServiceServerTestExecutionListener]
2022-08-14 14:12:43.035  INFO 14728 --- [           main] b.t.a.o.j.DataJpaTestContextBootstrapper : Using TestExecutionListeners: [org.springframework.test.context.web.ServletTestExecutionListener@5905ff29, org.springframework.test.context.support.DirtiesContextBeforeModesTestExecutionListener@3e4f3238, org.springframework.test.context.event.ApplicationEventsTestExecutionListener@7290fe65, org.springframework.boot.test.mock.mockito.MockitoTestExecutionListener@692c8bbf, org.springframework.boot.test.autoconfigure.SpringBootDependencyInjectionTestExecutionListener@1fa6cd04, org.springframework.test.context.support.DirtiesContextTestExecutionListener@583fe23a, org.springframework.test.context.transaction.TransactionalTestExecutionListener@2da95c8e, org.springframework.test.context.jdbc.SqlScriptsTestExecutionListener@20d54bf7, org.springframework.test.context.event.EventPublishingTestExecutionListener@9327c04, org.springframework.boot.test.mock.mockito.ResetMocksTestExecutionListener@2ebb712a, org.springframework.boot.test.autoconfigure.restdocs.RestDocsTestExecutionListener@4911155f, org.springframework.boot.test.autoconfigure.web.client.MockRestServiceServerResetTestExecutionListener@43917579, org.springframework.boot.test.autoconfigure.web.servlet.MockMvcPrintOnlyOnFailureTestExecutionListener@5959e353, org.springframework.boot.test.autoconfigure.web.servlet.WebDriverTestExecutionListener@2c9eeb73, org.springframework.boot.test.autoconfigure.webservices.client.MockWebServiceServerTestExecutionListener@6d64b852]

Scenario: New account creation Event consumed                     &amp#27;[90m# com/lessonsbyleo/LawnMowersUnited/lawn_mower_company_account_creation.feature:21&amp#27;[0m

    {
      "companyName" : "Some Lawn Mower Company0",
      "companyEmail" : "someLawnMowerCompany@email.com0"
    }

Hibernate: select lawnmowerc0_.email as email1_0_0_, lawnmowerc0_.name as name2_0_0_ from lawn_mower_company_data lawnmowerc0_ where lawnmowerc0_.email=? and lawnmowerc0_.name=?
Hibernate: delete from lawn_mower_company_data where email=? and name=?
Hibernate: select lawnmowerc0_.email as email1_0_, lawnmowerc0_.name as name2_0_ from lawn_mower_company_data lawnmowerc0_ where lawnmowerc0_.email=? and lawnmowerc0_.name=?
Hibernate: select lawnmowerc0_.email as email1_0_0_, lawnmowerc0_.name as name2_0_0_ from lawn_mower_company_data lawnmowerc0_ where lawnmowerc0_.email=? and lawnmowerc0_.name=?

    {
      "type" : "LAWN_MOWER_COMPANY",
      "email" : "someLawnMowerCompany@email.com0",
      "description" : "New Account Created for Some Lawn Mower Company0:someLawnMowerCompany@email.com0"
    }

Hibernate: insert into lawn_mower_company_data (email, name) values (?, ?)
  &amp#27;[32mGiven &amp#27;[0m&amp#27;[32mthat new account creation event has occurred&amp#27;[0m              &amp#27;[90m# com.lessonsbyleo.LawnMowersUnited.bdd.steps.LawnMowerCompanyAccountCreationSteps.thatNewAccountCreationEventHasOccurred()&amp#27;[0m
Hibernate: select lawnmowerc0_.email as email1_0_, lawnmowerc0_.name as name2_0_ from lawn_mower_company_data lawnmowerc0_ where lawnmowerc0_.email=?
2022-08-14 14:12:43.063  INFO 14728 --- [           main] l.L.n.EmailNotificationAdapterTestDouble : notifyLawnMowerCompany
2022-08-14 14:12:43.067  INFO 14728 --- [           main] c.l.L.service.AccountService             : Sending Email: 
{
  "email" : "someLawnMowerCompany@email.com0",
  "description" : "New Account Created for Some Lawn Mower Company0:someLawnMowerCompany@email.com0"
}
  &amp#27;[32mWhen &amp#27;[0m&amp#27;[32mLawn Mowers United consumes the new account creation event&amp#27;[0m &amp#27;[90m# com.lessonsbyleo.LawnMowersUnited.bdd.steps.LawnMowerCompanyAccountCreationSteps.lawnMowersUnitedConsumesTheNewAccountCreationEvent()&amp#27;[0m

    {
      "companyName" : "Some Lawn Mower Company0",
      "companyEmail" : "someLawnMowerCompany@email.com0"
    }


    {
      "type" : "LAWN_MOWER_COMPANY",
      "email" : "someLawnMowerCompany@email.com0",
      "description" : "New Account Created for Some Lawn Mower Company0:someLawnMowerCompany@email.com0"
    }

  &amp#27;[32mThen &amp#27;[0m&amp#27;[32mthe account owner is notified of the creation&amp#27;[0m              &amp#27;[90m# com.lessonsbyleo.LawnMowersUnited.bdd.steps.LawnMowerCompanyAccountCreationSteps.theAccountOwnerIsNotifiedOfTheCreation()&amp#27;[0m
]]></system-out>
  </testcase>
  <testcase name="In Memory Component Test - Lawn Mower Company Account Creation - Lawn Mower Company Account Creation is persisted" classname="In Memory Component Test - Lawn Mower Company Account Creation" time="0.028">
    <system-out><![CDATA[2022-08-14 14:12:43.074  INFO 14728 --- [           main] o.s.t.c.support.AbstractContextLoader    : Could not detect default resource locations for test class [com.lessonsbyleo.LawnMowersUnited.bdd.steps.LawnMowerCompanyAccountCreationSteps]: no resource found for suffixes {-context.xml, Context.groovy}.
2022-08-14 14:12:43.078  INFO 14728 --- [           main] b.t.a.o.j.DataJpaTestContextBootstrapper : Loaded default TestExecutionListener class names from location [META-INF/spring.factories]: [org.springframework.boot.test.mock.mockito.MockitoTestExecutionListener, org.springframework.boot.test.mock.mockito.ResetMocksTestExecutionListener, org.springframework.test.context.web.ServletTestExecutionListener, org.springframework.test.context.support.DirtiesContextBeforeModesTestExecutionListener, org.springframework.test.context.event.ApplicationEventsTestExecutionListener, org.springframework.test.context.support.DependencyInjectionTestExecutionListener, org.springframework.test.context.support.DirtiesContextTestExecutionListener, org.springframework.test.context.transaction.TransactionalTestExecutionListener, org.springframework.test.context.jdbc.SqlScriptsTestExecutionListener, org.springframework.test.context.event.EventPublishingTestExecutionListener, org.springframework.boot.test.autoconfigure.restdocs.RestDocsTestExecutionListener, org.springframework.boot.test.autoconfigure.web.client.MockRestServiceServerResetTestExecutionListener, org.springframework.boot.test.autoconfigure.web.servlet.MockMvcPrintOnlyOnFailureTestExecutionListener, org.springframework.boot.test.autoconfigure.web.servlet.WebDriverTestExecutionListener, org.springframework.boot.test.autoconfigure.webservices.client.MockWebServiceServerTestExecutionListener]
2022-08-14 14:12:43.078  INFO 14728 --- [           main] b.t.a.o.j.DataJpaTestContextBootstrapper : Using TestExecutionListeners: [org.springframework.test.context.web.ServletTestExecutionListener@ec14bd7, org.springframework.test.context.support.DirtiesContextBeforeModesTestExecutionListener@1d867d4e, org.springframework.test.context.event.ApplicationEventsTestExecutionListener@2d8b1e81, org.springframework.boot.test.mock.mockito.MockitoTestExecutionListener@2322f814, org.springframework.boot.test.autoconfigure.SpringBootDependencyInjectionTestExecutionListener@27399054, org.springframework.test.context.support.DirtiesContextTestExecutionListener@97be5f0, org.springframework.test.context.transaction.TransactionalTestExecutionListener@7cf19d48, org.springframework.test.context.jdbc.SqlScriptsTestExecutionListener@4827289a, org.springframework.test.context.event.EventPublishingTestExecutionListener@23f7aafa, org.springframework.boot.test.mock.mockito.ResetMocksTestExecutionListener@75f59f11, org.springframework.boot.test.autoconfigure.restdocs.RestDocsTestExecutionListener@51e573a, org.springframework.boot.test.autoconfigure.web.client.MockRestServiceServerResetTestExecutionListener@740cdcfb, org.springframework.boot.test.autoconfigure.web.servlet.MockMvcPrintOnlyOnFailureTestExecutionListener@6a3218fa, org.springframework.boot.test.autoconfigure.web.servlet.WebDriverTestExecutionListener@33e60fba, org.springframework.boot.test.autoconfigure.webservices.client.MockWebServiceServerTestExecutionListener@4436397b]

Scenario: Lawn Mower Company Account Creation is persisted            &amp#27;[90m# com/lessonsbyleo/LawnMowersUnited/lawn_mower_company_account_creation.feature:26&amp#27;[0m

    {
      "companyName" : "Some Lawn Mower Company0",
      "companyEmail" : "someLawnMowerCompany@email.com0"
    }

Hibernate: select lawnmowerc0_.email as email1_0_0_, lawnmowerc0_.name as name2_0_0_ from lawn_mower_company_data lawnmowerc0_ where lawnmowerc0_.email=? and lawnmowerc0_.name=?
Hibernate: delete from lawn_mower_company_data where email=? and name=?
Hibernate: select lawnmowerc0_.email as email1_0_, lawnmowerc0_.name as name2_0_ from lawn_mower_company_data lawnmowerc0_ where lawnmowerc0_.email=? and lawnmowerc0_.name=?
Hibernate: select lawnmowerc0_.email as email1_0_0_, lawnmowerc0_.name as name2_0_0_ from lawn_mower_company_data lawnmowerc0_ where lawnmowerc0_.email=? and lawnmowerc0_.name=?
Hibernate: insert into lawn_mower_company_data (email, name) values (?, ?)
  &amp#27;[32mGiven &amp#27;[0m&amp#27;[32mLawn Mowers United created a new Lawn Mower Company Account&amp#27;[0m   &amp#27;[90m# com.lessonsbyleo.LawnMowersUnited.bdd.steps.LawnMowerCompanyAccountCreationSteps.lawnMowersUnitedCreatedANewLawnMowerCompanyAccount()&amp#27;[0m
Hibernate: select lawnmowerc0_.email as email1_0_, lawnmowerc0_.name as name2_0_ from lawn_mower_company_data lawnmowerc0_
  &amp#27;[32mWhen &amp#27;[0m&amp#27;[32mLawn Mowers United receives a request for Lawn Mower Companies&amp#27;[0m &amp#27;[90m# com.lessonsbyleo.LawnMowersUnited.bdd.steps.LawnMowerCompanyAccountCreationSteps.lawnMowersUnitedReceivesARequestForLawnMowerCompanies()&amp#27;[0m
  &amp#27;[32mThen &amp#27;[0m&amp#27;[32mthe Lawn Mower responds with the Lawn Mower Companies&amp#27;[0m          &amp#27;[90m# com.lessonsbyleo.LawnMowersUnited.bdd.steps.LawnMowerCompanyAccountCreationSteps.theLawnMowerRespondsWithTheLawnMowerCompanies()&amp#27;[0m
  &amp#27;[32mAnd &amp#27;[0m&amp#27;[32mthe new Lawn Mower Company is in the list&amp#27;[0m                       &amp#27;[90m# com.lessonsbyleo.LawnMowersUnited.bdd.steps.LawnMowerCompanyAccountCreationSteps.theNewLawnMowerCompaniesIsInTheList()&amp#27;[0m
]]></system-out>
  </testcase>
  <testcase name="In Memory Component Test - Lawn Mower Company Account Creation - Existing Lawn Mower Company applies" classname="In Memory Component Test - Lawn Mower Company Account Creation" time="0.03">
    <system-out><![CDATA[2022-08-14 14:12:43.102  INFO 14728 --- [           main] o.s.t.c.support.AbstractContextLoader    : Could not detect default resource locations for test class [com.lessonsbyleo.LawnMowersUnited.bdd.steps.LawnMowerCompanyAccountCreationSteps]: no resource found for suffixes {-context.xml, Context.groovy}.
2022-08-14 14:12:43.104  INFO 14728 --- [           main] b.t.a.o.j.DataJpaTestContextBootstrapper : Loaded default TestExecutionListener class names from location [META-INF/spring.factories]: [org.springframework.boot.test.mock.mockito.MockitoTestExecutionListener, org.springframework.boot.test.mock.mockito.ResetMocksTestExecutionListener, org.springframework.test.context.web.ServletTestExecutionListener, org.springframework.test.context.support.DirtiesContextBeforeModesTestExecutionListener, org.springframework.test.context.event.ApplicationEventsTestExecutionListener, org.springframework.test.context.support.DependencyInjectionTestExecutionListener, org.springframework.test.context.support.DirtiesContextTestExecutionListener, org.springframework.test.context.transaction.TransactionalTestExecutionListener, org.springframework.test.context.jdbc.SqlScriptsTestExecutionListener, org.springframework.test.context.event.EventPublishingTestExecutionListener, org.springframework.boot.test.autoconfigure.restdocs.RestDocsTestExecutionListener, org.springframework.boot.test.autoconfigure.web.client.MockRestServiceServerResetTestExecutionListener, org.springframework.boot.test.autoconfigure.web.servlet.MockMvcPrintOnlyOnFailureTestExecutionListener, org.springframework.boot.test.autoconfigure.web.servlet.WebDriverTestExecutionListener, org.springframework.boot.test.autoconfigure.webservices.client.MockWebServiceServerTestExecutionListener]
2022-08-14 14:12:43.104  INFO 14728 --- [           main] b.t.a.o.j.DataJpaTestContextBootstrapper : Using TestExecutionListeners: [org.springframework.test.context.web.ServletTestExecutionListener@1ef91f95, org.springframework.test.context.support.DirtiesContextBeforeModesTestExecutionListener@671aa3ce, org.springframework.test.context.event.ApplicationEventsTestExecutionListener@49639e24, org.springframework.boot.test.mock.mockito.MockitoTestExecutionListener@531135db, org.springframework.boot.test.autoconfigure.SpringBootDependencyInjectionTestExecutionListener@5c28d9b, org.springframework.test.context.support.DirtiesContextTestExecutionListener@37744a3e, org.springframework.test.context.transaction.TransactionalTestExecutionListener@6233604a, org.springframework.test.context.jdbc.SqlScriptsTestExecutionListener@38562e3a, org.springframework.test.context.event.EventPublishingTestExecutionListener@2969d2fe, org.springframework.boot.test.mock.mockito.ResetMocksTestExecutionListener@3cd95857, org.springframework.boot.test.autoconfigure.restdocs.RestDocsTestExecutionListener@45915eb6, org.springframework.boot.test.autoconfigure.web.client.MockRestServiceServerResetTestExecutionListener@4c3f8fc0, org.springframework.boot.test.autoconfigure.web.servlet.MockMvcPrintOnlyOnFailureTestExecutionListener@2b264a9b, org.springframework.boot.test.autoconfigure.web.servlet.WebDriverTestExecutionListener@5dcbb448, org.springframework.boot.test.autoconfigure.webservices.client.MockWebServiceServerTestExecutionListener@126025a9]

Scenario: Existing Lawn Mower Company applies                                   &amp#27;[90m# com/lessonsbyleo/LawnMowersUnited/lawn_mower_company_account_creation.feature:32&amp#27;[0m

    {
      "companyName" : "Some Lawn Mower Company0",
      "companyEmail" : "someLawnMowerCompany@email.com0"
    }

  &amp#27;[32mGiven &amp#27;[0m&amp#27;[32ma Lawn Mower Company is ready to apply to Lawn Mowers United&amp#27;[0m            &amp#27;[90m# com.lessonsbyleo.LawnMowersUnited.bdd.steps.LawnMowerCompanyAccountCreationSteps.a_lawn_mower_company_is_ready_to_apply_to_lawn_mowers_united()&amp#27;[0m
Hibernate: select lawnmowerc0_.email as email1_0_0_, lawnmowerc0_.name as name2_0_0_ from lawn_mower_company_data lawnmowerc0_ where lawnmowerc0_.email=? and lawnmowerc0_.name=?
  &amp#27;[32mAnd &amp#27;[0m&amp#27;[32ma Lawn Mower Company does have an existing account&amp#27;[0m                        &amp#27;[90m# com.lessonsbyleo.LawnMowersUnited.bdd.steps.LawnMowerCompanyAccountCreationSteps.aLawnMowerCompanyDoesHaveAnExistingAccount()&amp#27;[0m
Hibernate: select lawnmowerc0_.email as email1_0_, lawnmowerc0_.name as name2_0_ from lawn_mower_company_data lawnmowerc0_ where lawnmowerc0_.email=? and lawnmowerc0_.name=?
  &amp#27;[32mWhen &amp#27;[0m&amp#27;[32mLawn Mowers United receives the Lawn Mower Companies application&amp#27;[0m         &amp#27;[90m# com.lessonsbyleo.LawnMowersUnited.bdd.steps.LawnMowerCompanyAccountCreationSteps.lawn_mowers_united_receives_the_lawn_mower_companies_application()&amp#27;[0m
  &amp#27;[32mThen &amp#27;[0m&amp#27;[32mLawn Mowers United verifies the Lawn Mower Companies accounts does exist&amp#27;[0m &amp#27;[90m# com.lessonsbyleo.LawnMowersUnited.bdd.steps.LawnMowerCompanyAccountCreationSteps.lawnMowersUnitedVerifiesTheLawnMowerCompaniesAccountsDoesExist()&amp#27;[0m

    AccountCreationState: CANCELED_ACCOUNT_EXISTS

  &amp#27;[32mAnd &amp#27;[0m&amp#27;[32mthe Lawn Mowers Companies account application has been canceled&amp#27;[0m           &amp#27;[90m# com.lessonsbyleo.LawnMowersUnited.bdd.steps.LawnMowerCompanyAccountCreationSteps.theLawnMowersCompaniesAccountApplicationHasBeenCanceled()&amp#27;[0m
]]></system-out>
  </testcase>
  <testcase name="In Memory Component Test - Lawn Mower Customer Service Requests - A new Lawn Mower Customer selects a Lawn Mower Company to request service" classname="In Memory Component Test - Lawn Mower Customer Service Requests" time="0.045">
    <system-out><![CDATA[2022-08-14 14:12:43.128  INFO 14728 --- [           main] o.s.t.c.support.AbstractContextLoader    : Could not detect default resource locations for test class [com.lessonsbyleo.LawnMowersUnited.bdd.steps.LawnMowerCompanyAccountCreationSteps]: no resource found for suffixes {-context.xml, Context.groovy}.
2022-08-14 14:12:43.132  INFO 14728 --- [           main] b.t.a.o.j.DataJpaTestContextBootstrapper : Loaded default TestExecutionListener class names from location [META-INF/spring.factories]: [org.springframework.boot.test.mock.mockito.MockitoTestExecutionListener, org.springframework.boot.test.mock.mockito.ResetMocksTestExecutionListener, org.springframework.test.context.web.ServletTestExecutionListener, org.springframework.test.context.support.DirtiesContextBeforeModesTestExecutionListener, org.springframework.test.context.event.ApplicationEventsTestExecutionListener, org.springframework.test.context.support.DependencyInjectionTestExecutionListener, org.springframework.test.context.support.DirtiesContextTestExecutionListener, org.springframework.test.context.transaction.TransactionalTestExecutionListener, org.springframework.test.context.jdbc.SqlScriptsTestExecutionListener, org.springframework.test.context.event.EventPublishingTestExecutionListener, org.springframework.boot.test.autoconfigure.restdocs.RestDocsTestExecutionListener, org.springframework.boot.test.autoconfigure.web.client.MockRestServiceServerResetTestExecutionListener, org.springframework.boot.test.autoconfigure.web.servlet.MockMvcPrintOnlyOnFailureTestExecutionListener, org.springframework.boot.test.autoconfigure.web.servlet.WebDriverTestExecutionListener, org.springframework.boot.test.autoconfigure.webservices.client.MockWebServiceServerTestExecutionListener]
2022-08-14 14:12:43.132  INFO 14728 --- [           main] b.t.a.o.j.DataJpaTestContextBootstrapper : Using TestExecutionListeners: [org.springframework.test.context.web.ServletTestExecutionListener@7fda0a76, org.springframework.test.context.support.DirtiesContextBeforeModesTestExecutionListener@2401c25b, org.springframework.test.context.event.ApplicationEventsTestExecutionListener@23e25a19, org.springframework.boot.test.mock.mockito.MockitoTestExecutionListener@6442fd7f, org.springframework.boot.test.autoconfigure.SpringBootDependencyInjectionTestExecutionListener@4be4d23b, org.springframework.test.context.support.DirtiesContextTestExecutionListener@615dc206, org.springframework.test.context.transaction.TransactionalTestExecutionListener@505e6ea6, org.springframework.test.context.jdbc.SqlScriptsTestExecutionListener@2304c8d7, org.springframework.test.context.event.EventPublishingTestExecutionListener@4e9ca386, org.springframework.boot.test.mock.mockito.ResetMocksTestExecutionListener@415e15a1, org.springframework.boot.test.autoconfigure.restdocs.RestDocsTestExecutionListener@62d67872, org.springframework.boot.test.autoconfigure.web.client.MockRestServiceServerResetTestExecutionListener@6711468f, org.springframework.boot.test.autoconfigure.web.servlet.MockMvcPrintOnlyOnFailureTestExecutionListener@4c3a4978, org.springframework.boot.test.autoconfigure.web.servlet.WebDriverTestExecutionListener@7df8ae43, org.springframework.boot.test.autoconfigure.webservices.client.MockWebServiceServerTestExecutionListener@2c3c5c66]

Scenario: A new Lawn Mower Customer selects a Lawn Mower Company to request service &amp#27;[90m# com/lessonsbyleo/LawnMowersUnited/lawn_mower_customer_service_request.feature:3&amp#27;[0m
Hibernate: select lawnmowerc0_.email as email1_0_0_, lawnmowerc0_.name as name2_0_0_ from lawn_mower_company_data lawnmowerc0_ where lawnmowerc0_.email=? and lawnmowerc0_.name=?
Hibernate: select lawnmowerc0_.email as email1_0_0_, lawnmowerc0_.name as name2_0_0_ from lawn_mower_company_data lawnmowerc0_ where lawnmowerc0_.email=? and lawnmowerc0_.name=?
Hibernate: select lawnmowerc0_.email as email1_0_0_, lawnmowerc0_.name as name2_0_0_ from lawn_mower_company_data lawnmowerc0_ where lawnmowerc0_.email=? and lawnmowerc0_.name=?
Hibernate: insert into lawn_mower_company_data (email, name) values (?, ?)
Hibernate: select lawnmowerc0_.email as email1_0_, lawnmowerc0_.name as name2_0_ from lawn_mower_company_data lawnmowerc0_
  &amp#27;[32mGiven &amp#27;[0m&amp#27;[32ma Lawn mower customer has requested available lawn mower companies&amp#27;[0m          &amp#27;[90m# com.lessonsbyleo.LawnMowersUnited.bdd.steps.LawnMowerCustomerServiceRequestSteps.aLawnMowerCustomerHasRequestedAvailableLawnMowerCompanies()&amp#27;[0m
Hibernate: select lawnmowerc0_.email as email1_1_0_, lawnmowerc0_.name as name2_1_0_ from lawn_mower_customer_data lawnmowerc0_ where lawnmowerc0_.email=? and lawnmowerc0_.name=?
  &amp#27;[32mAnd &amp#27;[0m&amp#27;[32mthe Lawn mower customer does not have an Account&amp#27;[0m                              &amp#27;[90m# com.lessonsbyleo.LawnMowersUnited.bdd.steps.LawnMowerCustomerServiceRequestSteps.theLawnMowerCustomerDoesNotHaveAnAccount()&amp#27;[0m
Hibernate: select lawnmowerc0_.email as email1_1_, lawnmowerc0_.name as name2_1_ from lawn_mower_customer_data lawnmowerc0_ where lawnmowerc0_.email=? and lawnmowerc0_.name=?
  &amp#27;[32mWhen &amp#27;[0m&amp#27;[32mthe Lawn customer selects a Lawn Mower Company for a service request&amp#27;[0m         &amp#27;[90m# com.lessonsbyleo.LawnMowersUnited.bdd.steps.LawnMowerCustomerServiceRequestSteps.theLawnCustomerSelectsALawnMowerCompany()&amp#27;[0m
  &amp#27;[32mThen &amp#27;[0m&amp#27;[32mthe Lawn Mowers United responds to the customer to create an account&amp#27;[0m         &amp#27;[90m# com.lessonsbyleo.LawnMowersUnited.bdd.steps.LawnMowerCustomerServiceRequestSteps.theLawnMowersUnitedRespondsToTheCustomerToCreateAnAccount()&amp#27;[0m
]]></system-out>
  </testcase>
  <testcase name="In Memory Component Test - Lawn Mower Customer Service Requests - A new Lawn Mower Customer creates an account" classname="In Memory Component Test - Lawn Mower Customer Service Requests" time="0.022">
    <system-out><![CDATA[2022-08-14 14:12:43.177  INFO 14728 --- [           main] o.s.t.c.support.AbstractContextLoader    : Could not detect default resource locations for test class [com.lessonsbyleo.LawnMowersUnited.bdd.steps.LawnMowerCompanyAccountCreationSteps]: no resource found for suffixes {-context.xml, Context.groovy}.
2022-08-14 14:12:43.179  INFO 14728 --- [           main] b.t.a.o.j.DataJpaTestContextBootstrapper : Loaded default TestExecutionListener class names from location [META-INF/spring.factories]: [org.springframework.boot.test.mock.mockito.MockitoTestExecutionListener, org.springframework.boot.test.mock.mockito.ResetMocksTestExecutionListener, org.springframework.test.context.web.ServletTestExecutionListener, org.springframework.test.context.support.DirtiesContextBeforeModesTestExecutionListener, org.springframework.test.context.event.ApplicationEventsTestExecutionListener, org.springframework.test.context.support.DependencyInjectionTestExecutionListener, org.springframework.test.context.support.DirtiesContextTestExecutionListener, org.springframework.test.context.transaction.TransactionalTestExecutionListener, org.springframework.test.context.jdbc.SqlScriptsTestExecutionListener, org.springframework.test.context.event.EventPublishingTestExecutionListener, org.springframework.boot.test.autoconfigure.restdocs.RestDocsTestExecutionListener, org.springframework.boot.test.autoconfigure.web.client.MockRestServiceServerResetTestExecutionListener, org.springframework.boot.test.autoconfigure.web.servlet.MockMvcPrintOnlyOnFailureTestExecutionListener, org.springframework.boot.test.autoconfigure.web.servlet.WebDriverTestExecutionListener, org.springframework.boot.test.autoconfigure.webservices.client.MockWebServiceServerTestExecutionListener]
2022-08-14 14:12:43.179  INFO 14728 --- [           main] b.t.a.o.j.DataJpaTestContextBootstrapper : Using TestExecutionListeners: [org.springframework.test.context.web.ServletTestExecutionListener@7f717cbd, org.springframework.test.context.support.DirtiesContextBeforeModesTestExecutionListener@b83f6bd, org.springframework.test.context.event.ApplicationEventsTestExecutionListener@89ab152, org.springframework.boot.test.mock.mockito.MockitoTestExecutionListener@47532133, org.springframework.boot.test.autoconfigure.SpringBootDependencyInjectionTestExecutionListener@333339f0, org.springframework.test.context.support.DirtiesContextTestExecutionListener@27911735, org.springframework.test.context.transaction.TransactionalTestExecutionListener@7adc32b4, org.springframework.test.context.jdbc.SqlScriptsTestExecutionListener@24d8ce65, org.springframework.test.context.event.EventPublishingTestExecutionListener@e8e9fb7, org.springframework.boot.test.mock.mockito.ResetMocksTestExecutionListener@218909ec, org.springframework.boot.test.autoconfigure.restdocs.RestDocsTestExecutionListener@3adbd6fb, org.springframework.boot.test.autoconfigure.web.client.MockRestServiceServerResetTestExecutionListener@58129c23, org.springframework.boot.test.autoconfigure.web.servlet.MockMvcPrintOnlyOnFailureTestExecutionListener@221bc3b1, org.springframework.boot.test.autoconfigure.web.servlet.WebDriverTestExecutionListener@4bb46877, org.springframework.boot.test.autoconfigure.webservices.client.MockWebServiceServerTestExecutionListener@2f3c03f4]

Scenario: A new Lawn Mower Customer creates an account                              &amp#27;[90m# com/lessonsbyleo/LawnMowersUnited/lawn_mower_customer_service_request.feature:9&amp#27;[0m
Hibernate: select lawnmowerc0_.email as email1_1_0_, lawnmowerc0_.name as name2_1_0_ from lawn_mower_customer_data lawnmowerc0_ where lawnmowerc0_.email=? and lawnmowerc0_.name=?
  &amp#27;[32mGiven &amp#27;[0m&amp#27;[32ma new Lawn mower customer is ready to create an account&amp#27;[0m                     &amp#27;[90m# com.lessonsbyleo.LawnMowersUnited.bdd.steps.LawnMowerCustomerServiceRequestSteps.aNewLawnMowerCustomerIsReadyToCreateAnAccount()&amp#27;[0m
Hibernate: select lawnmowerc0_.email as email1_1_, lawnmowerc0_.name as name2_1_ from lawn_mower_customer_data lawnmowerc0_ where lawnmowerc0_.email=? and lawnmowerc0_.name=?
Hibernate: select lawnmowerc0_.email as email1_1_0_, lawnmowerc0_.name as name2_1_0_ from lawn_mower_customer_data lawnmowerc0_ where lawnmowerc0_.email=? and lawnmowerc0_.name=?
Hibernate: insert into lawn_mower_customer_data (email, name) values (?, ?)
  &amp#27;[32mWhen &amp#27;[0m&amp#27;[32mthe Lawn mower customer signs up to Lawn Mowers United&amp#27;[0m                       &amp#27;[90m# com.lessonsbyleo.LawnMowersUnited.bdd.steps.LawnMowerCustomerServiceRequestSteps.theLawnMowerCustomerSignsUpToLawnMowersUnited()&amp#27;[0m
  &amp#27;[32mThen &amp#27;[0m&amp#27;[32mLawn Mowers United responds to the customer that the new account was created&amp#27;[0m &amp#27;[90m# com.lessonsbyleo.LawnMowersUnited.bdd.steps.LawnMowerCustomerServiceRequestSteps.lawnMowersUnitedRespondsToTheCustomerThatTheNewAccountWasCreated()&amp#27;[0m
]]></system-out>
  </testcase>
  <testcase name="In Memory Component Test - Lawn Mower Customer Service Requests - An existing Lawn Mower Customer creates an account" classname="In Memory Component Test - Lawn Mower Customer Service Requests" time="0.026">
    <system-out><![CDATA[2022-08-14 14:12:43.199  INFO 14728 --- [           main] o.s.t.c.support.AbstractContextLoader    : Could not detect default resource locations for test class [com.lessonsbyleo.LawnMowersUnited.bdd.steps.LawnMowerCompanyAccountCreationSteps]: no resource found for suffixes {-context.xml, Context.groovy}.
2022-08-14 14:12:43.203  INFO 14728 --- [           main] b.t.a.o.j.DataJpaTestContextBootstrapper : Loaded default TestExecutionListener class names from location [META-INF/spring.factories]: [org.springframework.boot.test.mock.mockito.MockitoTestExecutionListener, org.springframework.boot.test.mock.mockito.ResetMocksTestExecutionListener, org.springframework.test.context.web.ServletTestExecutionListener, org.springframework.test.context.support.DirtiesContextBeforeModesTestExecutionListener, org.springframework.test.context.event.ApplicationEventsTestExecutionListener, org.springframework.test.context.support.DependencyInjectionTestExecutionListener, org.springframework.test.context.support.DirtiesContextTestExecutionListener, org.springframework.test.context.transaction.TransactionalTestExecutionListener, org.springframework.test.context.jdbc.SqlScriptsTestExecutionListener, org.springframework.test.context.event.EventPublishingTestExecutionListener, org.springframework.boot.test.autoconfigure.restdocs.RestDocsTestExecutionListener, org.springframework.boot.test.autoconfigure.web.client.MockRestServiceServerResetTestExecutionListener, org.springframework.boot.test.autoconfigure.web.servlet.MockMvcPrintOnlyOnFailureTestExecutionListener, org.springframework.boot.test.autoconfigure.web.servlet.WebDriverTestExecutionListener, org.springframework.boot.test.autoconfigure.webservices.client.MockWebServiceServerTestExecutionListener]
2022-08-14 14:12:43.203  INFO 14728 --- [           main] b.t.a.o.j.DataJpaTestContextBootstrapper : Using TestExecutionListeners: [org.springframework.test.context.web.ServletTestExecutionListener@726bad51, org.springframework.test.context.support.DirtiesContextBeforeModesTestExecutionListener@b308aa8, org.springframework.test.context.event.ApplicationEventsTestExecutionListener@7647d336, org.springframework.boot.test.mock.mockito.MockitoTestExecutionListener@69dca59d, org.springframework.boot.test.autoconfigure.SpringBootDependencyInjectionTestExecutionListener@46728cd2, org.springframework.test.context.support.DirtiesContextTestExecutionListener@49183b7e, org.springframework.test.context.transaction.TransactionalTestExecutionListener@10e9f08, org.springframework.test.context.jdbc.SqlScriptsTestExecutionListener@d7222f9, org.springframework.test.context.event.EventPublishingTestExecutionListener@5f343b99, org.springframework.boot.test.mock.mockito.ResetMocksTestExecutionListener@57ff28ca, org.springframework.boot.test.autoconfigure.restdocs.RestDocsTestExecutionListener@227c1be2, org.springframework.boot.test.autoconfigure.web.client.MockRestServiceServerResetTestExecutionListener@3e0580be, org.springframework.boot.test.autoconfigure.web.servlet.MockMvcPrintOnlyOnFailureTestExecutionListener@40938c14, org.springframework.boot.test.autoconfigure.web.servlet.WebDriverTestExecutionListener@6e0455b4, org.springframework.boot.test.autoconfigure.webservices.client.MockWebServiceServerTestExecutionListener@2ce5e09d]

Scenario: An existing Lawn Mower Customer creates an account               &amp#27;[90m# com/lessonsbyleo/LawnMowersUnited/lawn_mower_customer_service_request.feature:14&amp#27;[0m
Hibernate: select lawnmowerc0_.email as email1_1_0_, lawnmowerc0_.name as name2_1_0_ from lawn_mower_customer_data lawnmowerc0_ where lawnmowerc0_.email=? and lawnmowerc0_.name=?
  &amp#27;[32mGiven &amp#27;[0m&amp#27;[32man existing Lawn mower customer is ready to create an account&amp#27;[0m      &amp#27;[90m# com.lessonsbyleo.LawnMowersUnited.bdd.steps.LawnMowerCustomerServiceRequestSteps.anExistingLawnMowerCustomerIsReadyToCreateAnAccount()&amp#27;[0m
Hibernate: select lawnmowerc0_.email as email1_1_, lawnmowerc0_.name as name2_1_ from lawn_mower_customer_data lawnmowerc0_ where lawnmowerc0_.email=? and lawnmowerc0_.name=?
  &amp#27;[32mWhen &amp#27;[0m&amp#27;[32mthe Lawn mower customer signs up to Lawn Mowers United&amp#27;[0m              &amp#27;[90m# com.lessonsbyleo.LawnMowersUnited.bdd.steps.LawnMowerCustomerServiceRequestSteps.theLawnMowerCustomerSignsUpToLawnMowersUnited()&amp#27;[0m
  &amp#27;[32mThen &amp#27;[0m&amp#27;[32mLawn Mowers United responds to the customer that the account exists&amp#27;[0m &amp#27;[90m# com.lessonsbyleo.LawnMowersUnited.bdd.steps.LawnMowerCustomerServiceRequestSteps.lawnMowersUnitedRespondsToTheCustomerThatTheAccountExists()&amp#27;[0m
]]></system-out>
  </testcase>
  <testcase name="In Memory Component Test - Lawn Mower Customer Service Requests - An existing Lawn Mower Customer selects a Lawn Mower Company to request service" classname="In Memory Component Test - Lawn Mower Customer Service Requests" time="0.028">
    <system-out><![CDATA[2022-08-14 14:12:43.225  INFO 14728 --- [           main] o.s.t.c.support.AbstractContextLoader    : Could not detect default resource locations for test class [com.lessonsbyleo.LawnMowersUnited.bdd.steps.LawnMowerCompanyAccountCreationSteps]: no resource found for suffixes {-context.xml, Context.groovy}.
2022-08-14 14:12:43.229  INFO 14728 --- [           main] b.t.a.o.j.DataJpaTestContextBootstrapper : Loaded default TestExecutionListener class names from location [META-INF/spring.factories]: [org.springframework.boot.test.mock.mockito.MockitoTestExecutionListener, org.springframework.boot.test.mock.mockito.ResetMocksTestExecutionListener, org.springframework.test.context.web.ServletTestExecutionListener, org.springframework.test.context.support.DirtiesContextBeforeModesTestExecutionListener, org.springframework.test.context.event.ApplicationEventsTestExecutionListener, org.springframework.test.context.support.DependencyInjectionTestExecutionListener, org.springframework.test.context.support.DirtiesContextTestExecutionListener, org.springframework.test.context.transaction.TransactionalTestExecutionListener, org.springframework.test.context.jdbc.SqlScriptsTestExecutionListener, org.springframework.test.context.event.EventPublishingTestExecutionListener, org.springframework.boot.test.autoconfigure.restdocs.RestDocsTestExecutionListener, org.springframework.boot.test.autoconfigure.web.client.MockRestServiceServerResetTestExecutionListener, org.springframework.boot.test.autoconfigure.web.servlet.MockMvcPrintOnlyOnFailureTestExecutionListener, org.springframework.boot.test.autoconfigure.web.servlet.WebDriverTestExecutionListener, org.springframework.boot.test.autoconfigure.webservices.client.MockWebServiceServerTestExecutionListener]
2022-08-14 14:12:43.229  INFO 14728 --- [           main] b.t.a.o.j.DataJpaTestContextBootstrapper : Using TestExecutionListeners: [org.springframework.test.context.web.ServletTestExecutionListener@7b414574, org.springframework.test.context.support.DirtiesContextBeforeModesTestExecutionListener@4fa5cfc9, org.springframework.test.context.event.ApplicationEventsTestExecutionListener@334de09f, org.springframework.boot.test.mock.mockito.MockitoTestExecutionListener@6a5ae46a, org.springframework.boot.test.autoconfigure.SpringBootDependencyInjectionTestExecutionListener@1b4176b0, org.springframework.test.context.support.DirtiesContextTestExecutionListener@7a7b3996, org.springframework.test.context.transaction.TransactionalTestExecutionListener@26ee675e, org.springframework.test.context.jdbc.SqlScriptsTestExecutionListener@1baabe5d, org.springframework.test.context.event.EventPublishingTestExecutionListener@bceaf6e, org.springframework.boot.test.mock.mockito.ResetMocksTestExecutionListener@28da9008, org.springframework.boot.test.autoconfigure.restdocs.RestDocsTestExecutionListener@7ddbc6da, org.springframework.boot.test.autoconfigure.web.client.MockRestServiceServerResetTestExecutionListener@334dc76a, org.springframework.boot.test.autoconfigure.web.servlet.MockMvcPrintOnlyOnFailureTestExecutionListener@4d86bbb2, org.springframework.boot.test.autoconfigure.web.servlet.WebDriverTestExecutionListener@31a028da, org.springframework.boot.test.autoconfigure.webservices.client.MockWebServiceServerTestExecutionListener@12eec522]

Scenario: An existing Lawn Mower Customer selects a Lawn Mower Company to request service            &amp#27;[90m# com/lessonsbyleo/LawnMowersUnited/lawn_mower_customer_service_request.feature:19&amp#27;[0m
Hibernate: select lawnmowerc0_.email as email1_0_0_, lawnmowerc0_.name as name2_0_0_ from lawn_mower_company_data lawnmowerc0_ where lawnmowerc0_.email=? and lawnmowerc0_.name=?
Hibernate: select lawnmowerc0_.email as email1_0_0_, lawnmowerc0_.name as name2_0_0_ from lawn_mower_company_data lawnmowerc0_ where lawnmowerc0_.email=? and lawnmowerc0_.name=?
Hibernate: select lawnmowerc0_.email as email1_0_0_, lawnmowerc0_.name as name2_0_0_ from lawn_mower_company_data lawnmowerc0_ where lawnmowerc0_.email=? and lawnmowerc0_.name=?
Hibernate: select lawnmowerc0_.email as email1_0_, lawnmowerc0_.name as name2_0_ from lawn_mower_company_data lawnmowerc0_
  &amp#27;[32mGiven &amp#27;[0m&amp#27;[32ma Lawn mower customer has requested available lawn mower companies&amp#27;[0m                           &amp#27;[90m# com.lessonsbyleo.LawnMowersUnited.bdd.steps.LawnMowerCustomerServiceRequestSteps.aLawnMowerCustomerHasRequestedAvailableLawnMowerCompanies()&amp#27;[0m
Hibernate: select lawnmowerc0_.email as email1_1_0_, lawnmowerc0_.name as name2_1_0_ from lawn_mower_customer_data lawnmowerc0_ where lawnmowerc0_.email=? and lawnmowerc0_.name=?
  &amp#27;[32mAnd &amp#27;[0m&amp#27;[32mthe Lawn mower customer does have an Account&amp#27;[0m                                                   &amp#27;[90m# com.lessonsbyleo.LawnMowersUnited.bdd.steps.LawnMowerCustomerServiceRequestSteps.theLawnMowerCustomerDoesHaveAnAccount()&amp#27;[0m
Hibernate: select lawnmowerc0_.email as email1_1_, lawnmowerc0_.name as name2_1_ from lawn_mower_customer_data lawnmowerc0_ where lawnmowerc0_.email=? and lawnmowerc0_.name=?
Hibernate: select lawnmowerc0_.email as email1_0_, lawnmowerc0_.name as name2_0_ from lawn_mower_company_data lawnmowerc0_ where lawnmowerc0_.email=? and lawnmowerc0_.name=?
  &amp#27;[32mWhen &amp#27;[0m&amp#27;[32mthe Lawn customer selects a Lawn Mower Company for a service request&amp#27;[0m                          &amp#27;[90m# com.lessonsbyleo.LawnMowersUnited.bdd.steps.LawnMowerCustomerServiceRequestSteps.theLawnCustomerSelectsALawnMowerCompany()&amp#27;[0m
  &amp#27;[32mThen &amp#27;[0m&amp#27;[32mthe Lawn mowers United responds to the Customer that the Lawn Mower company has been notified&amp#27;[0m &amp#27;[90m# com.lessonsbyleo.LawnMowersUnited.bdd.steps.LawnMowerCustomerServiceRequestSteps.theLawnMowersUnitedRespondsToTheCustomerThatTheLawnMowerCompanyHasBeenNotified()&amp#27;[0m
]]></system-out>
  </testcase>
  <testcase name="In Memory Component Test - Lawn Mower Customer Service Requests - A Lawn Mower Customer Service Request Event published" classname="In Memory Component Test - Lawn Mower Customer Service Requests" time="0.03">
    <system-out><![CDATA[2022-08-14 14:12:43.257  INFO 14728 --- [           main] o.s.t.c.support.AbstractContextLoader    : Could not detect default resource locations for test class [com.lessonsbyleo.LawnMowersUnited.bdd.steps.LawnMowerCompanyAccountCreationSteps]: no resource found for suffixes {-context.xml, Context.groovy}.
2022-08-14 14:12:43.257  INFO 14728 --- [           main] b.t.a.o.j.DataJpaTestContextBootstrapper : Loaded default TestExecutionListener class names from location [META-INF/spring.factories]: [org.springframework.boot.test.mock.mockito.MockitoTestExecutionListener, org.springframework.boot.test.mock.mockito.ResetMocksTestExecutionListener, org.springframework.test.context.web.ServletTestExecutionListener, org.springframework.test.context.support.DirtiesContextBeforeModesTestExecutionListener, org.springframework.test.context.event.ApplicationEventsTestExecutionListener, org.springframework.test.context.support.DependencyInjectionTestExecutionListener, org.springframework.test.context.support.DirtiesContextTestExecutionListener, org.springframework.test.context.transaction.TransactionalTestExecutionListener, org.springframework.test.context.jdbc.SqlScriptsTestExecutionListener, org.springframework.test.context.event.EventPublishingTestExecutionListener, org.springframework.boot.test.autoconfigure.restdocs.RestDocsTestExecutionListener, org.springframework.boot.test.autoconfigure.web.client.MockRestServiceServerResetTestExecutionListener, org.springframework.boot.test.autoconfigure.web.servlet.MockMvcPrintOnlyOnFailureTestExecutionListener, org.springframework.boot.test.autoconfigure.web.servlet.WebDriverTestExecutionListener, org.springframework.boot.test.autoconfigure.webservices.client.MockWebServiceServerTestExecutionListener]
2022-08-14 14:12:43.257  INFO 14728 --- [           main] b.t.a.o.j.DataJpaTestContextBootstrapper : Using TestExecutionListeners: [org.springframework.test.context.web.ServletTestExecutionListener@230b28c0, org.springframework.test.context.support.DirtiesContextBeforeModesTestExecutionListener@7af6b877, org.springframework.test.context.event.ApplicationEventsTestExecutionListener@2d0d88c5, org.springframework.boot.test.mock.mockito.MockitoTestExecutionListener@1dceec7c, org.springframework.boot.test.autoconfigure.SpringBootDependencyInjectionTestExecutionListener@67f99a2d, org.springframework.test.context.support.DirtiesContextTestExecutionListener@2803b3a5, org.springframework.test.context.transaction.TransactionalTestExecutionListener@69895dc0, org.springframework.test.context.jdbc.SqlScriptsTestExecutionListener@3cee181, org.springframework.test.context.event.EventPublishingTestExecutionListener@28cd3b27, org.springframework.boot.test.mock.mockito.ResetMocksTestExecutionListener@1d663b00, org.springframework.boot.test.autoconfigure.restdocs.RestDocsTestExecutionListener@3ea20231, org.springframework.boot.test.autoconfigure.web.client.MockRestServiceServerResetTestExecutionListener@4a143e8d, org.springframework.boot.test.autoconfigure.web.servlet.MockMvcPrintOnlyOnFailureTestExecutionListener@b4130eb, org.springframework.boot.test.autoconfigure.web.servlet.WebDriverTestExecutionListener@27d3a4b8, org.springframework.boot.test.autoconfigure.webservices.client.MockWebServiceServerTestExecutionListener@9ce89f9]

Scenario: A Lawn Mower Customer Service Request Event published       &amp#27;[90m# com/lessonsbyleo/LawnMowersUnited/lawn_mower_customer_service_request.feature:25&amp#27;[0m
Hibernate: select lawnmowerc0_.email as email1_0_0_, lawnmowerc0_.name as name2_0_0_ from lawn_mower_company_data lawnmowerc0_ where lawnmowerc0_.email=? and lawnmowerc0_.name=?
Hibernate: select lawnmowerc0_.email as email1_0_0_, lawnmowerc0_.name as name2_0_0_ from lawn_mower_company_data lawnmowerc0_ where lawnmowerc0_.email=? and lawnmowerc0_.name=?
Hibernate: select lawnmowerc0_.email as email1_0_0_, lawnmowerc0_.name as name2_0_0_ from lawn_mower_company_data lawnmowerc0_ where lawnmowerc0_.email=? and lawnmowerc0_.name=?
Hibernate: select lawnmowerc0_.email as email1_0_, lawnmowerc0_.name as name2_0_ from lawn_mower_company_data lawnmowerc0_
Hibernate: select lawnmowerc0_.email as email1_1_0_, lawnmowerc0_.name as name2_1_0_ from lawn_mower_customer_data lawnmowerc0_ where lawnmowerc0_.email=? and lawnmowerc0_.name=?
Hibernate: select lawnmowerc0_.email as email1_1_, lawnmowerc0_.name as name2_1_ from lawn_mower_customer_data lawnmowerc0_ where lawnmowerc0_.email=? and lawnmowerc0_.name=?
Hibernate: select lawnmowerc0_.email as email1_0_, lawnmowerc0_.name as name2_0_ from lawn_mower_company_data lawnmowerc0_ where lawnmowerc0_.email=? and lawnmowerc0_.name=?
  &amp#27;[32mGiven &amp#27;[0m&amp#27;[32mthat a Lawn Mower Customer service request event has occurred&amp#27;[0m &amp#27;[90m# com.lessonsbyleo.LawnMowersUnited.bdd.steps.LawnMowerCustomerServiceRequestSteps.thatALawnMowerCustomerServiceRequestEventHasOccurred()&amp#27;[0m
2022-08-14 14:12:43.279  INFO 14728 --- [           main] l.L.n.EmailNotificationAdapterTestDouble : notifyLawnMowerCompany
2022-08-14 14:12:43.279  INFO 14728 --- [           main] c.l.L.service.AccountService             : Sending Email: 
{
  "email" : "customerEmail",
  "description" : "Send service request to someLawnMowerCompany@email.com0"
}
  &amp#27;[32mWhen &amp#27;[0m&amp#27;[32mLawn Mowers United consumes the service request event&amp#27;[0m          &amp#27;[90m# com.lessonsbyleo.LawnMowersUnited.bdd.steps.LawnMowerCustomerServiceRequestSteps.lawnMowersUnitedConsumesTheServiceRequestEvent()&amp#27;[0m
  &amp#27;[32mThen &amp#27;[0m&amp#27;[32mthe Lawn Mower Company gets notified of the service request&amp#27;[0m    &amp#27;[90m# com.lessonsbyleo.LawnMowersUnited.bdd.steps.LawnMowerCustomerServiceRequestSteps.theLawnMowerCompanyGetsNotifiedOfTheServiceRequest()&amp#27;[0m
]]></system-out>
  </testcase>
</testsuite>