<?xml version="1.0" encoding="UTF-8"?>
<testsuite xmlns:xsi="http://www.w3.org/2001/XMLSchema-instance" xsi:noNamespaceSchemaLocation="https://maven.apache.org/surefire/maven-surefire-plugin/xsd/surefire-test-report-3.0.xsd" version="3.0" name="com.lessonsbyleo.LawnMowersUnited.LawnMowersUnitedApplicationTests" time="5.468" tests="1" errors="0" skipped="0" failures="0">
  <properties>
[...]
</properties>
  <testcase name="contextLoads" classname="com.lessonsbyleo.LawnMowersUnited.LawnMowersUnitedApplicationTests" time="0.049">
    <system-out><![CDATA[14:12:36.461 [main] DEBUG org.springframework.test.context.BootstrapUtils - Instantiating CacheAwareContextLoaderDelegate from class [org.springframework.test.context.cache.DefaultCacheAwareContextLoaderDelegate]
14:12:36.479 [main] DEBUG org.springframework.test.context.BootstrapUtils - Instantiating BootstrapContext using constructor [public org.springframework.test.context.support.DefaultBootstrapContext(java.lang.Class,org.springframework.test.context.CacheAwareContextLoaderDelegate)]
14:12:36.529 [main] DEBUG org.springframework.test.context.BootstrapUtils - Instantiating TestContextBootstrapper for test class [com.lessonsbyleo.LawnMowersUnited.LawnMowersUnitedApplicationTests] from class [org.springframework.boot.test.context.SpringBootTestContextBootstrapper]
14:12:36.546 [main] INFO org.springframework.boot.test.context.SpringBootTestContextBootstrapper - Neither @ContextConfiguration nor @ContextHierarchy found for test class [com.lessonsbyleo.LawnMowersUnited.LawnMowersUnitedApplicationTests], using SpringBootContextLoader
14:12:36.552 [main] DEBUG org.springframework.test.context.support.AbstractContextLoader - Did not detect default resource location for test class [com.lessonsbyleo.LawnMowersUnited.LawnMowersUnitedApplicationTests]: class path resource [com/lessonsbyleo/LawnMowersUnited/LawnMowersUnitedApplicationTests-context.xml] does not exist
14:12:36.552 [main] DEBUG org.springframework.test.context.support.AbstractContextLoader - Did not detect default resource location for test class [com.lessonsbyleo.LawnMowersUnited.LawnMowersUnitedApplicationTests]: class path resource [com/lessonsbyleo/LawnMowersUnited/LawnMowersUnitedApplicationTestsContext.groovy] does not exist
14:12:36.553 [main] INFO org.springframework.test.context.support.AbstractContextLoader - Could not detect default resource locations for test class [com.lessonsbyleo.LawnMowersUnited.LawnMowersUnitedApplicationTests]: no resource found for suffixes {-context.xml, Context.groovy}.
14:12:36.553 [main] INFO org.springframework.test.context.support.AnnotationConfigContextLoaderUtils - Could not detect default configuration classes for test class [com.lessonsbyleo.LawnMowersUnited.LawnMowersUnitedApplicationTests]: LawnMowersUnitedApplicationTests does not declare any static, non-private, non-final, nested classes annotated with @Configuration.
14:12:36.606 [main] DEBUG org.springframework.test.context.support.ActiveProfilesUtils - Could not find an 'annotation declaring class' for annotation type [org.springframework.test.context.ActiveProfiles] and class [com.lessonsbyleo.LawnMowersUnited.LawnMowersUnitedApplicationTests]
14:12:36.701 [main] DEBUG org.springframework.context.annotation.ClassPathScanningCandidateComponentProvider - Identified candidate component class: file [C:\Users\leona\Projects\lawn-mowers-united\lawn-mowers-united-service\target\classes\com\lessonsbyleo\LawnMowersUnited\LawnMowersUnitedApplication.class]
14:12:36.703 [main] INFO org.springframework.boot.test.context.SpringBootTestContextBootstrapper - Found @SpringBootConfiguration com.lessonsbyleo.LawnMowersUnited.LawnMowersUnitedApplication for test class com.lessonsbyleo.LawnMowersUnited.LawnMowersUnitedApplicationTests
14:12:36.829 [main] DEBUG org.springframework.boot.test.context.SpringBootTestContextBootstrapper - @TestExecutionListeners is not present for class [com.lessonsbyleo.LawnMowersUnited.LawnMowersUnitedApplicationTests]: using defaults.
14:12:36.830 [main] INFO org.springframework.boot.test.context.SpringBootTestContextBootstrapper - Loaded default TestExecutionListener class names from location [META-INF/spring.factories]: [org.springframework.boot.test.mock.mockito.MockitoTestExecutionListener, org.springframework.boot.test.mock.mockito.ResetMocksTestExecutionListener, org.springframework.test.context.web.ServletTestExecutionListener, org.springframework.test.context.support.DirtiesContextBeforeModesTestExecutionListener, org.springframework.test.context.event.ApplicationEventsTestExecutionListener, org.springframework.test.context.support.DependencyInjectionTestExecutionListener, org.springframework.test.context.support.DirtiesContextTestExecutionListener, org.springframework.test.context.transaction.TransactionalTestExecutionListener, org.springframework.test.context.jdbc.SqlScriptsTestExecutionListener, org.springframework.test.context.event.EventPublishingTestExecutionListener, org.springframework.boot.test.autoconfigure.restdocs.RestDocsTestExecutionListener, org.springframework.boot.test.autoconfigure.web.client.MockRestServiceServerResetTestExecutionListener, org.springframework.boot.test.autoconfigure.web.servlet.MockMvcPrintOnlyOnFailureTestExecutionListener, org.springframework.boot.test.autoconfigure.web.servlet.WebDriverTestExecutionListener, org.springframework.boot.test.autoconfigure.webservices.client.MockWebServiceServerTestExecutionListener]
14:12:36.855 [main] INFO org.springframework.boot.test.context.SpringBootTestContextBootstrapper - Using TestExecutionListeners: [org.springframework.test.context.web.ServletTestExecutionListener@2dbf8cfc, org.springframework.test.context.support.DirtiesContextBeforeModesTestExecutionListener@26c1244c, org.springframework.test.context.event.ApplicationEventsTestExecutionListener@e76134d, org.springframework.boot.test.mock.mockito.MockitoTestExecutionListener@2a317af7, org.springframework.boot.test.autoconfigure.SpringBootDependencyInjectionTestExecutionListener@7b38db21, org.springframework.test.context.support.DirtiesContextTestExecutionListener@54f4734e, org.springframework.test.context.transaction.TransactionalTestExecutionListener@6a26eee6, org.springframework.test.context.jdbc.SqlScriptsTestExecutionListener@4be1c797, org.springframework.test.context.event.EventPublishingTestExecutionListener@76bdfc19, org.springframework.boot.test.mock.mockito.ResetMocksTestExecutionListener@1248f83, org.springframework.boot.test.autoconfigure.restdocs.RestDocsTestExecutionListener@5c28009f, org.springframework.boot.test.autoconfigure.web.client.MockRestServiceServerResetTestExecutionListener@19b0a9f2, org.springframework.boot.test.autoconfigure.web.servlet.MockMvcPrintOnlyOnFailureTestExecutionListener@f4c3e9, org.springframework.boot.test.autoconfigure.web.servlet.WebDriverTestExecutionListener@25890ce3, org.springframework.boot.test.autoconfigure.webservices.client.MockWebServiceServerTestExecutionListener@39b9dc35]
14:12:36.860 [main] DEBUG org.springframework.test.context.support.AbstractDirtiesContextTestExecutionListener - Before test class: context [DefaultTestContext@3f12676 testClass = LawnMowersUnitedApplicationTests, testInstance = [null], testMethod = [null], testException = [null], mergedContextConfiguration = [WebMergedContextConfiguration@f348e10 testClass = LawnMowersUnitedApplicationTests, locations = '{}', classes = '{class com.lessonsbyleo.LawnMowersUnited.LawnMowersUnitedApplication}', contextInitializerClasses = '[]', activeProfiles = '{}', propertySourceLocations = '{}', propertySourceProperties = '{org.springframework.boot.test.context.SpringBootTestContextBootstrapper=true}', contextCustomizers = set[org.springframework.boot.test.context.filter.ExcludeFilterContextCustomizer@22cd8ec2, org.springframework.boot.test.json.DuplicateJsonObjectContextCustomizerFactory$DuplicateJsonObjectContextCustomizer@137a4b54, org.springframework.boot.test.mock.mockito.MockitoContextCustomizer@0, org.springframework.boot.test.web.client.TestRestTemplateContextCustomizer@1e6cb932, org.springframework.boot.test.autoconfigure.actuate.metrics.MetricsExportContextCustomizerFactory$DisableMetricExportContextCustomizer@65d90b7f, org.springframework.boot.test.autoconfigure.properties.PropertyMappingContextCustomizer@0, org.springframework.boot.test.autoconfigure.web.servlet.WebDriverContextCustomizerFactory$Customizer@5503c7d, org.springframework.boot.test.context.SpringBootTestArgs@1, org.springframework.boot.test.context.SpringBootTestWebEnvironment@695c938d], resourceBasePath = 'src/main/webapp', contextLoader = 'org.springframework.boot.test.context.SpringBootContextLoader', parent = [null]], attributes = map['org.springframework.test.context.web.ServletTestExecutionListener.activateListener' -> true]], class annotated with @DirtiesContext [false] with mode [null].

  .   ____          _            __ _ _
 /\\ / ___'_ __ _ _(_)_ __  __ _ \ \ \ \
( ( )\___ | '_ | '_| | '_ \/ _` | \ \ \ \
 \\/  ___)| |_)| | | | | || (_| |  ) ) ) )
  '  |____| .__|_| |_|_| |_\__, | / / / /
 =========|_|==============|___/=/_/_/_/
 :: Spring Boot ::                (v2.6.3)

2022-08-14 14:12:37.283  INFO 14728 --- [           main] c.l.L.LawnMowersUnitedApplicationTests   : Starting LawnMowersUnitedApplicationTests using Java 11.0.13 on DESKTOP-LEONARDO with PID 14728 (started by leonardo in C:\Users\leona\Projects\lawn-mowers-united\lawn-mowers-united-service)
2022-08-14 14:12:37.284  INFO 14728 --- [           main] c.l.L.LawnMowersUnitedApplicationTests   : No active profile set, falling back to default profiles: default
2022-08-14 14:12:38.077  INFO 14728 --- [           main] .s.d.r.c.RepositoryConfigurationDelegate : Bootstrapping Spring Data JPA repositories in DEFAULT mode.
2022-08-14 14:12:38.158  INFO 14728 --- [           main] .s.d.r.c.RepositoryConfigurationDelegate : Finished Spring Data repository scanning in 71 ms. Found 2 JPA repository interfaces.
2022-08-14 14:12:38.769  INFO 14728 --- [           main] com.zaxxer.hikari.HikariDataSource       : HikariPool-1 - Starting...
2022-08-14 14:12:39.089  INFO 14728 --- [           main] com.zaxxer.hikari.HikariDataSource       : HikariPool-1 - Start completed.
2022-08-14 14:12:39.183  INFO 14728 --- [           main] o.hibernate.jpa.internal.util.LogHelper  : HHH000204: Processing PersistenceUnitInfo [name: default]
2022-08-14 14:12:39.263  INFO 14728 --- [           main] org.hibernate.Version                    : HHH000412: Hibernate ORM core version 5.6.4.Final
2022-08-14 14:12:39.496  INFO 14728 --- [           main] o.hibernate.annotations.common.Version   : HCANN000001: Hibernate Commons Annotations {5.1.2.Final}
2022-08-14 14:12:39.682  INFO 14728 --- [           main] org.hibernate.dialect.Dialect            : HHH000400: Using dialect: org.hibernate.dialect.H2Dialect
2022-08-14 14:12:40.409  INFO 14728 --- [           main] o.h.e.t.j.p.i.JtaPlatformInitiator       : HHH000490: Using JtaPlatform implementation: [org.hibernate.engine.transaction.jta.platform.internal.NoJtaPlatform]
2022-08-14 14:12:40.417  INFO 14728 --- [           main] j.LocalContainerEntityManagerFactoryBean : Initialized JPA EntityManagerFactory for persistence unit 'default'
2022-08-14 14:12:41.279  WARN 14728 --- [           main] JpaBaseConfiguration$JpaWebConfiguration : spring.jpa.open-in-view is enabled by default. Therefore, database queries may be performed during view rendering. Explicitly configure spring.jpa.open-in-view to disable this warning
2022-08-14 14:12:41.754  INFO 14728 --- [           main] c.l.L.LawnMowersUnitedApplicationTests   : Started LawnMowersUnitedApplicationTests in 4.849 seconds (JVM running for 6.503)
]]></system-out>
  </testcase>
</testsuite>